  [1m[35m (0.2ms)[0m  [1m[34mSELECT sqlite_version(*)[0m
  ↳ bin/rails:9
  [1m[35m (2.0ms)[0m  [1m[35mCREATE TABLE "schema_migrations" ("version" varchar NOT NULL PRIMARY KEY)[0m
  ↳ bin/rails:9
  [1m[35m (1.2ms)[0m  [1m[35mCREATE TABLE "ar_internal_metadata" ("key" varchar NOT NULL PRIMARY KEY, "value" varchar, "created_at" datetime NOT NULL, "updated_at" datetime NOT NULL)[0m
  ↳ bin/rails:9
  [1m[35m (0.4ms)[0m  [1m[34mSELECT "schema_migrations"."version" FROM "schema_migrations" ORDER BY "schema_migrations"."version" ASC[0m
  ↳ bin/rails:9
Migrating to CreateUsers (20181002134914)
  [1m[35m (0.1ms)[0m  [1m[36mbegin transaction[0m
  ↳ bin/rails:9
  [1m[35m (0.8ms)[0m  [1m[35mCREATE TABLE "users" ("id" integer PRIMARY KEY AUTOINCREMENT NOT NULL, "username" varchar, "password_digest" varchar, "avatar" varchar, "created_at" datetime NOT NULL, "updated_at" datetime NOT NULL)[0m
  ↳ db/migrate/20181002134914_create_users.rb:3
  [1m[36mActiveRecord::SchemaMigration Create (0.2ms)[0m  [1m[32mINSERT INTO "schema_migrations" ("version") VALUES (?)[0m  [["version", "20181002134914"]]
  ↳ bin/rails:9
  [1m[35m (7.6ms)[0m  [1m[36mcommit transaction[0m
  ↳ bin/rails:9
  [1m[36mActiveRecord::InternalMetadata Load (0.2ms)[0m  [1m[34mSELECT  "ar_internal_metadata".* FROM "ar_internal_metadata" WHERE "ar_internal_metadata"."key" = ? LIMIT ?[0m  [["key", "environment"], ["LIMIT", 1]]
  ↳ bin/rails:9
  [1m[35m (0.1ms)[0m  [1m[36mbegin transaction[0m
  ↳ bin/rails:9
  [1m[36mActiveRecord::InternalMetadata Create (0.6ms)[0m  [1m[32mINSERT INTO "ar_internal_metadata" ("key", "value", "created_at", "updated_at") VALUES (?, ?, ?, ?)[0m  [["key", "environment"], ["value", "development"], ["created_at", "2018-10-02 17:24:03.053726"], ["updated_at", "2018-10-02 17:24:03.053726"]]
  ↳ bin/rails:9
  [1m[35m (4.4ms)[0m  [1m[36mcommit transaction[0m
  ↳ bin/rails:9
  [1m[35m (1.2ms)[0m  [1m[34mSELECT "schema_migrations"."version" FROM "schema_migrations" ORDER BY "schema_migrations"."version" ASC[0m
  ↳ bin/rails:9
Started GET "/rails/info/routes" for 127.0.0.1 at 2018-10-02 13:24:31 -0400
  [1m[35m (0.8ms)[0m  [1m[34mSELECT "schema_migrations"."version" FROM "schema_migrations" ORDER BY "schema_migrations"."version" ASC[0m
  ↳ /Users/andrew/.rvm/gems/ruby-2.3.3/gems/activerecord-5.2.1/lib/active_record/log_subscriber.rb:98
Processing by Rails::InfoController#routes as HTML
  Rendering /Users/andrew/.rvm/gems/ruby-2.3.3/gems/railties-5.2.1/lib/rails/templates/rails/info/routes.html.erb within layouts/application
  Rendered collection of /Users/andrew/.rvm/gems/ruby-2.3.3/gems/actionpack-5.2.1/lib/action_dispatch/middleware/templates/routes/_route.html.erb [9 times] (64.1ms)
  Rendered /Users/andrew/.rvm/gems/ruby-2.3.3/gems/actionpack-5.2.1/lib/action_dispatch/middleware/templates/routes/_table.html.erb (29.5ms)
  Rendered /Users/andrew/.rvm/gems/ruby-2.3.3/gems/railties-5.2.1/lib/rails/templates/rails/info/routes.html.erb within layouts/application (236.2ms)
Completed 200 OK in 461ms (Views: 301.8ms | ActiveRecord: 0.0ms)


Started GET "/users" for 127.0.0.1 at 2018-10-02 13:24:40 -0400
  
AbstractController::ActionNotFound (The action 'index' could not be found for UsersController):
  
actionpack (5.2.1) lib/abstract_controller/base.rb:129:in `process'
actionview (5.2.1) lib/action_view/rendering.rb:32:in `process'
actionpack (5.2.1) lib/action_controller/metal.rb:191:in `dispatch'
actionpack (5.2.1) lib/action_controller/metal.rb:252:in `dispatch'
actionpack (5.2.1) lib/action_dispatch/routing/route_set.rb:52:in `dispatch'
actionpack (5.2.1) lib/action_dispatch/routing/route_set.rb:34:in `serve'
actionpack (5.2.1) lib/action_dispatch/journey/router.rb:52:in `block in serve'
actionpack (5.2.1) lib/action_dispatch/journey/router.rb:35:in `each'
actionpack (5.2.1) lib/action_dispatch/journey/router.rb:35:in `serve'
actionpack (5.2.1) lib/action_dispatch/routing/route_set.rb:840:in `call'
rack (2.0.5) lib/rack/tempfile_reaper.rb:15:in `call'
rack (2.0.5) lib/rack/etag.rb:25:in `call'
rack (2.0.5) lib/rack/conditional_get.rb:25:in `call'
rack (2.0.5) lib/rack/head.rb:12:in `call'
actionpack (5.2.1) lib/action_dispatch/http/content_security_policy.rb:18:in `call'
rack (2.0.5) lib/rack/session/abstract/id.rb:232:in `context'
rack (2.0.5) lib/rack/session/abstract/id.rb:226:in `call'
actionpack (5.2.1) lib/action_dispatch/middleware/cookies.rb:670:in `call'
activerecord (5.2.1) lib/active_record/migration.rb:559:in `call'
actionpack (5.2.1) lib/action_dispatch/middleware/callbacks.rb:28:in `block in call'
activesupport (5.2.1) lib/active_support/callbacks.rb:98:in `run_callbacks'
actionpack (5.2.1) lib/action_dispatch/middleware/callbacks.rb:26:in `call'
actionpack (5.2.1) lib/action_dispatch/middleware/executor.rb:14:in `call'
actionpack (5.2.1) lib/action_dispatch/middleware/debug_exceptions.rb:61:in `call'
web-console (3.7.0) lib/web_console/middleware.rb:135:in `call_app'
web-console (3.7.0) lib/web_console/middleware.rb:30:in `block in call'
web-console (3.7.0) lib/web_console/middleware.rb:20:in `catch'
web-console (3.7.0) lib/web_console/middleware.rb:20:in `call'
actionpack (5.2.1) lib/action_dispatch/middleware/show_exceptions.rb:33:in `call'
railties (5.2.1) lib/rails/rack/logger.rb:38:in `call_app'
railties (5.2.1) lib/rails/rack/logger.rb:26:in `block in call'
activesupport (5.2.1) lib/active_support/tagged_logging.rb:71:in `block in tagged'
activesupport (5.2.1) lib/active_support/tagged_logging.rb:28:in `tagged'
activesupport (5.2.1) lib/active_support/tagged_logging.rb:71:in `tagged'
railties (5.2.1) lib/rails/rack/logger.rb:26:in `call'
sprockets-rails (3.2.1) lib/sprockets/rails/quiet_assets.rb:13:in `call'
actionpack (5.2.1) lib/action_dispatch/middleware/remote_ip.rb:81:in `call'
actionpack (5.2.1) lib/action_dispatch/middleware/request_id.rb:27:in `call'
rack (2.0.5) lib/rack/method_override.rb:22:in `call'
rack (2.0.5) lib/rack/runtime.rb:22:in `call'
activesupport (5.2.1) lib/active_support/cache/strategy/local_cache_middleware.rb:29:in `call'
actionpack (5.2.1) lib/action_dispatch/middleware/executor.rb:14:in `call'
actionpack (5.2.1) lib/action_dispatch/middleware/static.rb:127:in `call'
rack (2.0.5) lib/rack/sendfile.rb:111:in `call'
railties (5.2.1) lib/rails/engine.rb:524:in `call'
puma (3.12.0) lib/puma/configuration.rb:225:in `call'
puma (3.12.0) lib/puma/server.rb:658:in `handle_request'
puma (3.12.0) lib/puma/server.rb:472:in `process_client'
puma (3.12.0) lib/puma/server.rb:332:in `block in run'
puma (3.12.0) lib/puma/thread_pool.rb:133:in `block in spawn_thread'
Started GET "/users/new" for 127.0.0.1 at 2018-10-02 13:24:46 -0400
Processing by UsersController#new as HTML
  Rendering users/new.erb within layouts/application
  Rendered users/new.erb within layouts/application (28.5ms)
Completed 200 OK in 2228ms (Views: 2148.1ms | ActiveRecord: 1.0ms)


  [1m[35m (0.2ms)[0m  [1m[34mSELECT sqlite_version(*)[0m
  ↳ bin/rails:9
  [1m[35m (1.9ms)[0m  [1m[35mCREATE TABLE "schema_migrations" ("version" varchar NOT NULL PRIMARY KEY)[0m
  ↳ bin/rails:9
  [1m[35m (3.5ms)[0m  [1m[35mCREATE TABLE "ar_internal_metadata" ("key" varchar NOT NULL PRIMARY KEY, "value" varchar, "created_at" datetime NOT NULL, "updated_at" datetime NOT NULL)[0m
  ↳ bin/rails:9
  [1m[35m (0.3ms)[0m  [1m[34mSELECT "schema_migrations"."version" FROM "schema_migrations" ORDER BY "schema_migrations"."version" ASC[0m
  ↳ bin/rails:9
Migrating to CreateUsers (20181002134914)
  [1m[35m (0.2ms)[0m  [1m[36mbegin transaction[0m
  ↳ bin/rails:9
  [1m[35m (0.9ms)[0m  [1m[35mCREATE TABLE "users" ("id" integer PRIMARY KEY AUTOINCREMENT NOT NULL, "username" varchar, "password_digest" varchar, "avatar" varchar DEFAULT 'https://media.gq.com/photos/59dfc6d9d61cb80476584e18/3:2/w_800/guy-fieiri-flame.jpg', "created_at" datetime NOT NULL, "updated_at" datetime NOT NULL)[0m
  ↳ db/migrate/20181002134914_create_users.rb:3
  [1m[36mActiveRecord::SchemaMigration Create (0.4ms)[0m  [1m[32mINSERT INTO "schema_migrations" ("version") VALUES (?)[0m  [["version", "20181002134914"]]
  ↳ bin/rails:9
  [1m[35m (5.1ms)[0m  [1m[36mcommit transaction[0m
  ↳ bin/rails:9
  [1m[36mActiveRecord::InternalMetadata Load (3.3ms)[0m  [1m[34mSELECT  "ar_internal_metadata".* FROM "ar_internal_metadata" WHERE "ar_internal_metadata"."key" = ? LIMIT ?[0m  [["key", "environment"], ["LIMIT", 1]]
  ↳ bin/rails:9
  [1m[35m (0.1ms)[0m  [1m[36mbegin transaction[0m
  ↳ bin/rails:9
  [1m[36mActiveRecord::InternalMetadata Create (2.0ms)[0m  [1m[32mINSERT INTO "ar_internal_metadata" ("key", "value", "created_at", "updated_at") VALUES (?, ?, ?, ?)[0m  [["key", "environment"], ["value", "development"], ["created_at", "2018-10-02 17:28:24.312837"], ["updated_at", "2018-10-02 17:28:24.312837"]]
  ↳ bin/rails:9
  [1m[35m (1.1ms)[0m  [1m[36mcommit transaction[0m
  ↳ bin/rails:9
  [1m[35m (0.1ms)[0m  [1m[34mSELECT "schema_migrations"."version" FROM "schema_migrations" ORDER BY "schema_migrations"."version" ASC[0m
  ↳ bin/rails:9
Started GET "/users/new" for 127.0.0.1 at 2018-10-02 13:28:37 -0400
  [1m[35m (0.4ms)[0m  [1m[34mSELECT "schema_migrations"."version" FROM "schema_migrations" ORDER BY "schema_migrations"."version" ASC[0m
  ↳ /Users/andrew/.rvm/gems/ruby-2.3.3/gems/activerecord-5.2.1/lib/active_record/log_subscriber.rb:98
Processing by UsersController#new as HTML
  Rendering users/new.erb within layouts/application
  Rendered users/new.erb within layouts/application (94.8ms)
Completed 200 OK in 1360ms (Views: 1250.9ms | ActiveRecord: 1.0ms)


  [1m[35m (0.1ms)[0m  [1m[36mbegin transaction[0m
  [1m[36mUser Create (1.4ms)[0m  [1m[32mINSERT INTO "users" ("username", "password_digest", "created_at", "updated_at") VALUES (?, ?, ?, ?)[0m  [["username", "billy"], ["password_digest", "$2a$10$xDGaJ24en6ZyNlFCsEmwwenZOPDekZH60JkU/aF0T7CW0dOOKTxFq"], ["created_at", "2018-10-02 17:45:36.437343"], ["updated_at", "2018-10-02 17:45:36.437343"]]
  [1m[35m (1.2ms)[0m  [1m[36mcommit transaction[0m
  [1m[36mUser Load (0.5ms)[0m  [1m[34mSELECT  "users".* FROM "users" ORDER BY "users"."id" DESC LIMIT ?[0m  [["LIMIT", 1]]
Started GET "/users/new" for 127.0.0.1 at 2018-10-02 13:50:11 -0400
  [1m[35m (0.5ms)[0m  [1m[34mSELECT "schema_migrations"."version" FROM "schema_migrations" ORDER BY "schema_migrations"."version" ASC[0m
  ↳ /Users/andrew/.rvm/gems/ruby-2.3.3/gems/activerecord-5.2.1/lib/active_record/log_subscriber.rb:98
Processing by UsersController#new as HTML
  Rendering users/new.erb within layouts/application
  Rendered users/new.erb within layouts/application (29.2ms)
Completed 200 OK in 2473ms (Views: 2222.8ms | ActiveRecord: 8.9ms)


Started GET "/users/new" for 127.0.0.1 at 2018-10-02 13:51:31 -0400
Processing by UsersController#new as HTML
  Rendering users/new.erb within layouts/application
  Rendered users/new.erb within layouts/application (4.4ms)
Completed 200 OK in 282ms (Views: 198.7ms | ActiveRecord: 31.9ms)


Started POST "/users" for 127.0.0.1 at 2018-10-02 13:52:16 -0400
Processing by UsersController#create as HTML
  Parameters: {"utf8"=>"✓", "authenticity_token"=>"sT408ZAja1vVHpF9nHVqKvBxTMD9ClqlmQ8Efm/q2czQ983Lbc3IK8YiVBDEX+RxNBkUTud73st19cX9uMX/UQ==", "user"=>{"username"=>"michael", "password"=>"[FILTERED]"}, "commit"=>"Create User"}
  [1m[35m (0.1ms)[0m  [1m[36mbegin transaction[0m
  ↳ app/controllers/users_controller.rb:12
  [1m[36mUser Create (5.7ms)[0m  [1m[32mINSERT INTO "users" ("username", "password_digest", "created_at", "updated_at") VALUES (?, ?, ?, ?)[0m  [["username", "michael"], ["password_digest", "$2a$10$G8Bbg6PEjIhLgDNL3dNH3OOmFwL.jGnTHTBcHQlNkk3cl18FAa612"], ["created_at", "2018-10-02 17:52:17.104463"], ["updated_at", "2018-10-02 17:52:17.104463"]]
  ↳ app/controllers/users_controller.rb:12
  [1m[35m (7.5ms)[0m  [1m[36mcommit transaction[0m
  ↳ app/controllers/users_controller.rb:12
  [1m[35m (0.1ms)[0m  [1m[36mbegin transaction[0m
  ↳ (byebug):1
  [1m[36mUser Create (2.5ms)[0m  [1m[32mINSERT INTO "users" ("username", "password_digest", "created_at", "updated_at") VALUES (?, ?, ?, ?)[0m  [["username", "michael"], ["password_digest", "$2a$10$ZHscfN1OHxKIcwqocaov6.r0.l9NfyFJHuoQwbwNunlHy/4QY6Ziq"], ["created_at", "2018-10-02 17:52:57.355014"], ["updated_at", "2018-10-02 17:52:57.355014"]]
  ↳ (byebug):1
  [1m[35m (3.2ms)[0m  [1m[36mcommit transaction[0m
  ↳ (byebug):1
Redirected to http://localhost:3000/users/2
Completed 302 Found in 53462ms (ActiveRecord: 19.1ms)


Started GET "/users/2" for 127.0.0.1 at 2018-10-02 13:53:10 -0400
Processing by UsersController#show as HTML
  Parameters: {"id"=>"2"}
  [1m[36mUser Load (0.3ms)[0m  [1m[34mSELECT  "users".* FROM "users" WHERE "users"."id" = ? LIMIT ?[0m  [["id", 2], ["LIMIT", 1]]
  ↳ app/controllers/users_controller.rb:4
  Rendering users/show.erb within layouts/application
  Rendered users/show.erb within layouts/application (0.9ms)
Completed 200 OK in 223ms (Views: 189.8ms | ActiveRecord: 0.3ms)


Started GET "/rails/info/routes" for 127.0.0.1 at 2018-10-02 13:56:32 -0400
  [1m[35m (0.2ms)[0m  [1m[34mSELECT "schema_migrations"."version" FROM "schema_migrations" ORDER BY "schema_migrations"."version" ASC[0m
  ↳ /Users/andrew/.rvm/gems/ruby-2.3.3/gems/activerecord-5.2.1/lib/active_record/log_subscriber.rb:98
Processing by Rails::InfoController#routes as HTML
  Rendering /Users/andrew/.rvm/gems/ruby-2.3.3/gems/railties-5.2.1/lib/rails/templates/rails/info/routes.html.erb within layouts/application
  Rendered collection of /Users/andrew/.rvm/gems/ruby-2.3.3/gems/actionpack-5.2.1/lib/action_dispatch/middleware/templates/routes/_route.html.erb [9 times] (30.2ms)
  Rendered /Users/andrew/.rvm/gems/ruby-2.3.3/gems/actionpack-5.2.1/lib/action_dispatch/middleware/templates/routes/_table.html.erb (33.8ms)
  Rendered /Users/andrew/.rvm/gems/ruby-2.3.3/gems/railties-5.2.1/lib/rails/templates/rails/info/routes.html.erb within layouts/application (223.2ms)
Completed 200 OK in 540ms (Views: 412.7ms | ActiveRecord: 0.0ms)


Started GET "/rails/info/routes?path=/" for 127.0.0.1 at 2018-10-02 13:56:46 -0400
Processing by Rails::InfoController#routes as */*
  Parameters: {"path"=>"/"}
Completed 200 OK in 4ms (Views: 0.8ms | ActiveRecord: 0.0ms)


Started GET "/rails/info/routes?path=/login" for 127.0.0.1 at 2018-10-02 13:56:47 -0400
Processing by Rails::InfoController#routes as */*
  Parameters: {"path"=>"/login"}
Completed 200 OK in 3ms (Views: 0.6ms | ActiveRecord: 0.0ms)


Started GET "/rails/info/routes?path=/login" for 127.0.0.1 at 2018-10-02 13:57:02 -0400
Processing by Rails::InfoController#routes as */*
  Parameters: {"path"=>"/login"}
Completed 200 OK in 3ms (Views: 0.3ms | ActiveRecord: 0.0ms)


Started GET "/rails/info/routes" for 127.0.0.1 at 2018-10-02 14:00:26 -0400
Started GET "/rails/info/routes?path=/login" for 127.0.0.1 at 2018-10-02 14:00:36 -0400
Processing by Rails::InfoController#routes as HTML
  Rendering /Users/andrew/.rvm/gems/ruby-2.3.3/gems/railties-5.2.1/lib/rails/templates/rails/info/routes.html.erb within layouts/application
  Rendered collection of /Users/andrew/.rvm/gems/ruby-2.3.3/gems/actionpack-5.2.1/lib/action_dispatch/middleware/templates/routes/_route.html.erb [10 times] (9.5ms)
  Rendered /Users/andrew/.rvm/gems/ruby-2.3.3/gems/actionpack-5.2.1/lib/action_dispatch/middleware/templates/routes/_table.html.erb (2.5ms)
  Rendered /Users/andrew/.rvm/gems/ruby-2.3.3/gems/railties-5.2.1/lib/rails/templates/rails/info/routes.html.erb within layouts/application (42.1ms)
Completed 200 OK in 116ms (Views: 105.6ms | ActiveRecord: 0.0ms)


Processing by Rails::InfoController#routes as */*
  Parameters: {"path"=>"/login"}
Completed 200 OK in 13ms (Views: 0.3ms | ActiveRecord: 0.0ms)


Started GET "/login" for 127.0.0.1 at 2018-10-02 14:02:31 -0400
Processing by SessionsController#new as HTML
  Rendering sessions/new.html.erb within layouts/application
  Rendered sessions/new.html.erb within layouts/application (2.8ms)
Completed 200 OK in 1636ms (Views: 1635.4ms | ActiveRecord: 0.0ms)


Started POST "/login" for 127.0.0.1 at 2018-10-02 14:03:53 -0400
Processing by SessionsController#create as HTML
  Parameters: {"utf8"=>"✓", "authenticity_token"=>"tKn286kvKBmQxs4QtCK9olE52fKvrn+pW9U1nNkIhifVYA/JVMGLaYP6C33sCDP5lVGBfLXf+8e3L/QfDiegug==", "username"=>"michael", "password"=>"[FILTERED]", "commit"=>"Login"}
  [1m[36mUser Load (0.2ms)[0m  [1m[34mSELECT  "users".* FROM "users" WHERE "users"."username" = ? LIMIT ?[0m  [["username", "michael"], ["LIMIT", 1]]
  ↳ (byebug):1
  [1m[36mCACHE User Load (0.0ms)[0m  [1m[34mSELECT  "users".* FROM "users" WHERE "users"."username" = ? LIMIT ?[0m  [["username", "michael"], ["LIMIT", 1]]
  ↳ (byebug):1
No template found for SessionsController#create, rendering head :no_content
Completed 204 No Content in 329215ms (ActiveRecord: 1.7ms)


Started GET "/login" for 127.0.0.1 at 2018-10-02 14:09:26 -0400
Processing by SessionsController#new as HTML
  Rendering sessions/new.html.erb within layouts/application
  Rendered sessions/new.html.erb within layouts/application (7.1ms)
Completed 200 OK in 395ms (Views: 392.9ms | ActiveRecord: 0.0ms)


Started POST "/login" for 127.0.0.1 at 2018-10-02 14:09:37 -0400
Processing by SessionsController#create as HTML
  Parameters: {"utf8"=>"✓", "authenticity_token"=>"b1+3o0XraIS3/u5Ipf2x2YrkpYRAPpSBukou/jHTlgwOlk6ZuAXL9KTCKyX91z+CToz9ClpPEO9WsO995vywkQ==", "username"=>"michael", "password"=>"[FILTERED]", "commit"=>"Login"}
  [1m[36mUser Load (0.4ms)[0m  [1m[34mSELECT  "users".* FROM "users" WHERE "users"."username" = ? LIMIT ?[0m  [["username", "michael"], ["LIMIT", 1]]
  ↳ app/controllers/sessions_controller.rb:9
Redirected to http://localhost:3000/users/2
Completed 302 Found in 246ms (ActiveRecord: 2.0ms)


Started GET "/users/2" for 127.0.0.1 at 2018-10-02 14:09:37 -0400
Processing by UsersController#show as HTML
  Parameters: {"id"=>"2"}
  [1m[36mUser Load (0.2ms)[0m  [1m[34mSELECT  "users".* FROM "users" WHERE "users"."id" = ? LIMIT ?[0m  [["id", 2], ["LIMIT", 1]]
  ↳ app/controllers/users_controller.rb:4
  Rendering users/show.erb within layouts/application
  Rendered users/show.erb within layouts/application (0.8ms)
Completed 200 OK in 256ms (Views: 249.9ms | ActiveRecord: 0.2ms)


Started GET "/users/2" for 127.0.0.1 at 2018-10-02 14:10:46 -0400
Processing by UsersController#show as HTML
  Parameters: {"id"=>"2"}
  [1m[36mUser Load (0.5ms)[0m  [1m[34mSELECT  "users".* FROM "users" WHERE "users"."id" = ? LIMIT ?[0m  [["id", 2], ["LIMIT", 1]]
  ↳ app/controllers/users_controller.rb:4
  Rendering users/show.erb within layouts/application
  Rendered users/show.erb within layouts/application (1.1ms)
Completed 200 OK in 195ms (Views: 130.3ms | ActiveRecord: 3.7ms)


Started GET "/users/2" for 127.0.0.1 at 2018-10-02 14:12:52 -0400
Processing by UsersController#show as HTML
  Parameters: {"id"=>"2"}
  [1m[36mUser Load (0.2ms)[0m  [1m[34mSELECT  "users".* FROM "users" WHERE "users"."id" = ? LIMIT ?[0m  [["id", 2], ["LIMIT", 1]]
  ↳ app/controllers/users_controller.rb:4
  Rendering users/show.erb within layouts/application
  Rendered users/show.erb within layouts/application (3.2ms)
Completed 200 OK in 280ms (Views: 249.3ms | ActiveRecord: 1.1ms)


Started GET "/users/2" for 127.0.0.1 at 2018-10-02 14:13:29 -0400
Processing by UsersController#show as HTML
  Parameters: {"id"=>"2"}
  [1m[36mUser Load (0.2ms)[0m  [1m[34mSELECT  "users".* FROM "users" WHERE "users"."id" = ? LIMIT ?[0m  [["id", 2], ["LIMIT", 1]]
  ↳ app/controllers/users_controller.rb:4
  Rendering users/show.erb within layouts/application
  Rendered users/show.erb within layouts/application (2.8ms)
Completed 500 Internal Server Error in 24ms (ActiveRecord: 0.2ms)


  
SyntaxError (/Users/andrew/Development/cohorts/nyc-web-082718/23-rails-auth/app/views/users/show.erb:6: syntax error, unexpected ',', expecting &. or :: or '[' or '.'
...tton_to, 'Delete this Account', user_path(@user), method: :d...
...                               ^
/Users/andrew/Development/cohorts/nyc-web-082718/23-rails-auth/app/views/users/show.erb:6: syntax error, unexpected ',', expecting ')'
...his Account', user_path(@user), method: :delete, data: { con...
...                               ^):
  
app/views/users/show.erb:6: syntax error, unexpected ',', expecting &. or :: or '[' or '.'
app/views/users/show.erb:6: syntax error, unexpected ',', expecting ')'
Started GET "/users/2" for 127.0.0.1 at 2018-10-02 14:13:41 -0400
Processing by UsersController#show as HTML
  Parameters: {"id"=>"2"}
  [1m[36mUser Load (0.2ms)[0m  [1m[34mSELECT  "users".* FROM "users" WHERE "users"."id" = ? LIMIT ?[0m  [["id", 2], ["LIMIT", 1]]
  ↳ app/controllers/users_controller.rb:4
  Rendering users/show.erb within layouts/application
  Rendered users/show.erb within layouts/application (1.2ms)
Completed 200 OK in 74ms (Views: 66.5ms | ActiveRecord: 0.2ms)


Started GET "/users/2" for 127.0.0.1 at 2018-10-02 14:14:14 -0400
Processing by UsersController#show as HTML
  Parameters: {"id"=>"2"}
  [1m[36mUser Load (0.3ms)[0m  [1m[34mSELECT  "users".* FROM "users" WHERE "users"."id" = ? LIMIT ?[0m  [["id", 2], ["LIMIT", 1]]
  ↳ app/controllers/users_controller.rb:4
  Rendering users/show.erb within layouts/application
  Rendered users/show.erb within layouts/application (5.7ms)
Completed 200 OK in 309ms (Views: 280.1ms | ActiveRecord: 1.4ms)


Started DELETE "/users/2" for 127.0.0.1 at 2018-10-02 14:14:21 -0400
Processing by UsersController#destroy as HTML
  Parameters: {"authenticity_token"=>"muRF+ChuLEb44tpqjWEU0b7xdnMjsF6I19gfedVlOi37LbzC1YCPNuveHwfVS5qKepku/TnB2uY7It76AkocsA==", "id"=>"2"}
Completed 500 Internal Server Error in 138583ms (ActiveRecord: 0.0ms)


  
SystemExit (exit):
  
(byebug):1:in `exit'
(byebug):1:in `destroy'
app/controllers/users_controller.rb:18:in `destroy'
Started GET "/users/new" for 127.0.0.1 at 2018-10-02 14:16:58 -0400
Processing by UsersController#new as HTML
  Rendering users/new.erb within layouts/application
  Rendered users/new.erb within layouts/application (400.7ms)
Completed 200 OK in 4534ms (Views: 3620.6ms | ActiveRecord: 78.1ms)


Started GET "/users/new" for 127.0.0.1 at 2018-10-02 14:17:48 -0400
Processing by UsersController#new as HTML
  Rendering users/new.erb within layouts/application
  Rendered users/new.erb within layouts/application (241.6ms)
Completed 200 OK in 4836ms (Views: 4669.3ms | ActiveRecord: 0.0ms)


Started POST "/users" for 127.0.0.1 at 2018-10-02 14:18:01 -0400
Processing by UsersController#create as HTML
  Parameters: {"utf8"=>"✓", "authenticity_token"=>"o2DqOsCxk6waTEocjUhQrTFqA0FtfJjbp89uasWumV0j7gSsVMztMpFqpWko3KaQlr5Fm9TmhaHe6AUD88jnAA==", "user"=>{"username"=>"method", "password"=>"[FILTERED]"}, "commit"=>"Create User"}
  [1m[35m (42.3ms)[0m  [1m[36mbegin transaction[0m
  ↳ app/controllers/users_controller.rb:12
  [1m[36mUser Create (45.8ms)[0m  [1m[32mINSERT INTO "users" ("username", "password_digest", "created_at", "updated_at") VALUES (?, ?, ?, ?)[0m  [["username", "method"], ["password_digest", "$2a$10$O8oHooLHQI0WoUhuESjRqOarfPLAzNzsqtmzrFus499KJ1A6rpymm"], ["created_at", "2018-10-02 18:18:02.360622"], ["updated_at", "2018-10-02 18:18:02.360622"]]
  ↳ app/controllers/users_controller.rb:12
  [1m[35m (13.1ms)[0m  [1m[36mcommit transaction[0m
  ↳ app/controllers/users_controller.rb:12
Redirected to http://localhost:3000/users/4
Completed 302 Found in 1306ms (ActiveRecord: 101.2ms)


Started GET "/users/4" for 127.0.0.1 at 2018-10-02 14:18:03 -0400
Processing by UsersController#show as HTML
  Parameters: {"id"=>"4"}
  [1m[36mUser Load (15.0ms)[0m  [1m[34mSELECT  "users".* FROM "users" WHERE "users"."id" = ? LIMIT ?[0m  [["id", 4], ["LIMIT", 1]]
  ↳ app/controllers/users_controller.rb:4
  Rendering users/show.erb within layouts/application
  Rendered users/show.erb within layouts/application (188.8ms)
Completed 200 OK in 4619ms (Views: 4438.8ms | ActiveRecord: 15.0ms)


Started GET "/users/1" for 127.0.0.1 at 2018-10-02 14:18:28 -0400
Processing by UsersController#show as HTML
  Parameters: {"id"=>"1"}
  [1m[36mUser Load (3.7ms)[0m  [1m[34mSELECT  "users".* FROM "users" WHERE "users"."id" = ? LIMIT ?[0m  [["id", 1], ["LIMIT", 1]]
  ↳ app/controllers/users_controller.rb:4
  Rendering users/show.erb within layouts/application
  Rendered users/show.erb within layouts/application (106.2ms)
Completed 200 OK in 4346ms (Views: 4149.8ms | ActiveRecord: 3.7ms)


Started DELETE "/users/1" for 127.0.0.1 at 2018-10-02 14:18:40 -0400
Processing by UsersController#destroy as HTML
  Parameters: {"authenticity_token"=>"FlcztenwzPKtqLNE8kiOrPZf5ddhpnDKFPau2JydXzGW2d0jfY2ybCaOXDFX3HiRUYujDdg8bbBt0cWxqvshbA==", "id"=>"1"}
  [1m[36mUser Load (4.5ms)[0m  [1m[34mSELECT  "users".* FROM "users" WHERE "users"."id" = ? LIMIT ?[0m  [["id", 1], ["LIMIT", 1]]
  ↳ app/controllers/users_controller.rb:17
  [1m[35m (2.4ms)[0m  [1m[36mbegin transaction[0m
  ↳ app/controllers/users_controller.rb:18
  [1m[36mUser Destroy (8.6ms)[0m  [1m[31mDELETE FROM "users" WHERE "users"."id" = ?[0m  [["id", 1]]
  ↳ app/controllers/users_controller.rb:18
  [1m[35m (7.9ms)[0m  [1m[36mcommit transaction[0m
  ↳ app/controllers/users_controller.rb:18
Redirected to http://localhost:3000/users/new
Completed 302 Found in 854ms (ActiveRecord: 23.5ms)


Started GET "/users/new" for 127.0.0.1 at 2018-10-02 14:18:41 -0400
Processing by UsersController#new as HTML
  Rendering users/new.erb within layouts/application
  Rendered users/new.erb within layouts/application (390.2ms)
Completed 200 OK in 5003ms (Views: 4813.1ms | ActiveRecord: 0.0ms)


Started GET "/users/new" for 127.0.0.1 at 2018-10-02 14:18:50 -0400
Processing by UsersController#new as HTML
  Rendering users/new.erb within layouts/application
  Rendered users/new.erb within layouts/application (329.6ms)
Completed 200 OK in 4255ms (Views: 4046.2ms | ActiveRecord: 0.0ms)


Started GET "/users/2" for 127.0.0.1 at 2018-10-02 14:18:59 -0400
Processing by UsersController#show as HTML
  Parameters: {"id"=>"2"}
  [1m[36mUser Load (7.4ms)[0m  [1m[34mSELECT  "users".* FROM "users" WHERE "users"."id" = ? LIMIT ?[0m  [["id", 2], ["LIMIT", 1]]
  ↳ app/controllers/users_controller.rb:4
  Rendering users/show.erb within layouts/application
  Rendered users/show.erb within layouts/application (28.8ms)
Completed 200 OK in 4272ms (Views: 4028.5ms | ActiveRecord: 7.4ms)


  [1m[36mUser Load (1.8ms)[0m  [1m[34mSELECT  "users".* FROM "users" WHERE "users"."id" = ? LIMIT ?[0m  [["id", 999], ["LIMIT", 1]]
  [1m[36mUser Load (0.2ms)[0m  [1m[34mSELECT  "users".* FROM "users" WHERE "users"."id" = ? LIMIT ?[0m  [["id", 999], ["LIMIT", 1]]
Started GET "/users/3" for 127.0.0.1 at 2018-10-02 14:22:31 -0400
  [1m[35m (1.1ms)[0m  [1m[34mSELECT "schema_migrations"."version" FROM "schema_migrations" ORDER BY "schema_migrations"."version" ASC[0m
  ↳ /Users/andrew/.rvm/gems/ruby-2.3.3/gems/activerecord-5.2.1/lib/active_record/log_subscriber.rb:98
Processing by UsersController#show as HTML
  Parameters: {"id"=>"3"}
  [1m[36mUser Load (1.7ms)[0m  [1m[34mSELECT  "users".* FROM "users" WHERE "users"."id" = ? LIMIT ?[0m  [["id", 3], ["LIMIT", 1]]
  ↳ app/controllers/users_controller.rb:4
  Rendering users/show.erb within layouts/application
  Rendered users/show.erb within layouts/application (10.7ms)
Completed 200 OK in 722ms (Views: 648.9ms | ActiveRecord: 3.3ms)


Started GET "/users/4" for 127.0.0.1 at 2018-10-02 14:22:38 -0400
Processing by UsersController#show as HTML
  Parameters: {"id"=>"4"}
  [1m[36mUser Load (0.3ms)[0m  [1m[34mSELECT  "users".* FROM "users" WHERE "users"."id" = ? LIMIT ?[0m  [["id", 4], ["LIMIT", 1]]
  ↳ app/controllers/users_controller.rb:4
  Rendering users/show.erb within layouts/application
  Rendered users/show.erb within layouts/application (3.9ms)
Completed 200 OK in 185ms (Views: 174.4ms | ActiveRecord: 0.3ms)


  [1m[36mUser Load (0.2ms)[0m  [1m[34mSELECT  "users".* FROM "users" WHERE "users"."id" = ? LIMIT ?[0m  [["id", 4], ["LIMIT", 1]]
  [1m[36mUser Load (0.4ms)[0m  [1m[34mSELECT  "users".* FROM "users" WHERE "users"."id" = ? LIMIT ?[0m  [["id", 999], ["LIMIT", 1]]
  [1m[36mUser Load (0.4ms)[0m  [1m[34mSELECT  "users".* FROM "users" WHERE "users"."id" IS NULL LIMIT ?[0m  [["LIMIT", 1]]
Started GET "/users/4" for 127.0.0.1 at 2018-10-02 14:27:45 -0400
Processing by UsersController#show as HTML
  Parameters: {"id"=>"4"}
  [1m[36mUser Load (0.3ms)[0m  [1m[34mSELECT  "users".* FROM "users" WHERE "users"."id" = ? LIMIT ?[0m  [["id", 4], ["LIMIT", 1]]
  ↳ app/controllers/users_controller.rb:4
  Rendering users/show.erb within layouts/application
  Rendered users/show.erb within layouts/application (1.5ms)
Completed 200 OK in 62ms (Views: 44.0ms | ActiveRecord: 1.4ms)


Started GET "/users/1" for 127.0.0.1 at 2018-10-02 14:27:49 -0400
Processing by UsersController#show as HTML
  Parameters: {"id"=>"1"}
  [1m[36mUser Load (0.6ms)[0m  [1m[34mSELECT  "users".* FROM "users" WHERE "users"."id" = ? LIMIT ?[0m  [["id", 1], ["LIMIT", 1]]
  ↳ app/controllers/users_controller.rb:4
Completed 404 Not Found in 5ms (ActiveRecord: 0.6ms)


  
ActiveRecord::RecordNotFound (Couldn't find User with 'id'=1):
  
app/controllers/users_controller.rb:4:in `show'
Started GET "/users/2" for 127.0.0.1 at 2018-10-02 14:27:53 -0400
Processing by UsersController#show as HTML
  Parameters: {"id"=>"2"}
  [1m[36mUser Load (0.3ms)[0m  [1m[34mSELECT  "users".* FROM "users" WHERE "users"."id" = ? LIMIT ?[0m  [["id", 2], ["LIMIT", 1]]
  ↳ app/controllers/users_controller.rb:4
  Rendering users/show.erb within layouts/application
  Rendered users/show.erb within layouts/application (2.1ms)
Completed 200 OK in 108ms (Views: 97.3ms | ActiveRecord: 0.3ms)


Started GET "/users/2" for 127.0.0.1 at 2018-10-02 14:28:37 -0400
Processing by UsersController#show as HTML
  Parameters: {"id"=>"2"}
  [1m[36mUser Load (0.3ms)[0m  [1m[34mSELECT  "users".* FROM "users" WHERE "users"."id" IS NULL LIMIT ?[0m  [["LIMIT", 1]]
  ↳ app/controllers/application_controller.rb:6
Redirected to http://localhost:3000/login
Filter chain halted as :authorized rendered or redirected
Completed 302 Found in 11ms (ActiveRecord: 1.1ms)


Started GET "/login" for 127.0.0.1 at 2018-10-02 14:28:37 -0400
Processing by SessionsController#new as HTML
  [1m[36mUser Load (0.3ms)[0m  [1m[34mSELECT  "users".* FROM "users" WHERE "users"."id" IS NULL LIMIT ?[0m  [["LIMIT", 1]]
  ↳ app/controllers/application_controller.rb:6
Redirected to http://localhost:3000/login
Filter chain halted as :authorized rendered or redirected
Completed 302 Found in 9ms (ActiveRecord: 0.3ms)


Started GET "/login" for 127.0.0.1 at 2018-10-02 14:28:37 -0400
Processing by SessionsController#new as HTML
  [1m[36mUser Load (0.2ms)[0m  [1m[34mSELECT  "users".* FROM "users" WHERE "users"."id" IS NULL LIMIT ?[0m  [["LIMIT", 1]]
  ↳ app/controllers/application_controller.rb:6
Redirected to http://localhost:3000/login
Filter chain halted as :authorized rendered or redirected
Completed 302 Found in 13ms (ActiveRecord: 0.2ms)


Started GET "/login" for 127.0.0.1 at 2018-10-02 14:28:37 -0400
Processing by SessionsController#new as HTML
  [1m[36mUser Load (1.4ms)[0m  [1m[34mSELECT  "users".* FROM "users" WHERE "users"."id" IS NULL LIMIT ?[0m  [["LIMIT", 1]]
  ↳ app/controllers/application_controller.rb:6
Redirected to http://localhost:3000/login
Filter chain halted as :authorized rendered or redirected
Completed 302 Found in 5ms (ActiveRecord: 1.4ms)


Started GET "/login" for 127.0.0.1 at 2018-10-02 14:28:37 -0400
Processing by SessionsController#new as HTML
  [1m[36mUser Load (0.3ms)[0m  [1m[34mSELECT  "users".* FROM "users" WHERE "users"."id" IS NULL LIMIT ?[0m  [["LIMIT", 1]]
  ↳ app/controllers/application_controller.rb:6
Redirected to http://localhost:3000/login
Filter chain halted as :authorized rendered or redirected
Completed 302 Found in 14ms (ActiveRecord: 0.3ms)


Started GET "/login" for 127.0.0.1 at 2018-10-02 14:28:37 -0400
Processing by SessionsController#new as HTML
  [1m[36mUser Load (0.6ms)[0m  [1m[34mSELECT  "users".* FROM "users" WHERE "users"."id" IS NULL LIMIT ?[0m  [["LIMIT", 1]]
  ↳ app/controllers/application_controller.rb:6
Redirected to http://localhost:3000/login
Filter chain halted as :authorized rendered or redirected
Completed 302 Found in 4ms (ActiveRecord: 0.6ms)


Started GET "/login" for 127.0.0.1 at 2018-10-02 14:28:37 -0400
Processing by SessionsController#new as HTML
  [1m[36mUser Load (0.3ms)[0m  [1m[34mSELECT  "users".* FROM "users" WHERE "users"."id" IS NULL LIMIT ?[0m  [["LIMIT", 1]]
  ↳ app/controllers/application_controller.rb:6
Redirected to http://localhost:3000/login
Filter chain halted as :authorized rendered or redirected
Completed 302 Found in 7ms (ActiveRecord: 0.3ms)


Started GET "/login" for 127.0.0.1 at 2018-10-02 14:28:37 -0400
Processing by SessionsController#new as HTML
  [1m[36mUser Load (0.3ms)[0m  [1m[34mSELECT  "users".* FROM "users" WHERE "users"."id" IS NULL LIMIT ?[0m  [["LIMIT", 1]]
  ↳ app/controllers/application_controller.rb:6
Redirected to http://localhost:3000/login
Filter chain halted as :authorized rendered or redirected
Completed 302 Found in 4ms (ActiveRecord: 0.3ms)


Started GET "/login" for 127.0.0.1 at 2018-10-02 14:28:37 -0400
Processing by SessionsController#new as HTML
  [1m[36mUser Load (0.4ms)[0m  [1m[34mSELECT  "users".* FROM "users" WHERE "users"."id" IS NULL LIMIT ?[0m  [["LIMIT", 1]]
  ↳ app/controllers/application_controller.rb:6
Redirected to http://localhost:3000/login
Filter chain halted as :authorized rendered or redirected
Completed 302 Found in 4ms (ActiveRecord: 0.4ms)


Started GET "/login" for 127.0.0.1 at 2018-10-02 14:28:37 -0400
Processing by SessionsController#new as HTML
  [1m[36mUser Load (0.3ms)[0m  [1m[34mSELECT  "users".* FROM "users" WHERE "users"."id" IS NULL LIMIT ?[0m  [["LIMIT", 1]]
  ↳ app/controllers/application_controller.rb:6
Redirected to http://localhost:3000/login
Filter chain halted as :authorized rendered or redirected
Completed 302 Found in 3ms (ActiveRecord: 0.3ms)


Started GET "/login" for 127.0.0.1 at 2018-10-02 14:28:37 -0400
Processing by SessionsController#new as HTML
  [1m[36mUser Load (0.2ms)[0m  [1m[34mSELECT  "users".* FROM "users" WHERE "users"."id" IS NULL LIMIT ?[0m  [["LIMIT", 1]]
  ↳ app/controllers/application_controller.rb:6
Redirected to http://localhost:3000/login
Filter chain halted as :authorized rendered or redirected
Completed 302 Found in 3ms (ActiveRecord: 0.2ms)


Started GET "/login" for 127.0.0.1 at 2018-10-02 14:28:37 -0400
Processing by SessionsController#new as HTML
  [1m[36mUser Load (0.9ms)[0m  [1m[34mSELECT  "users".* FROM "users" WHERE "users"."id" IS NULL LIMIT ?[0m  [["LIMIT", 1]]
  ↳ app/controllers/application_controller.rb:6
Redirected to http://localhost:3000/login
Filter chain halted as :authorized rendered or redirected
Completed 302 Found in 5ms (ActiveRecord: 0.9ms)


Started GET "/login" for 127.0.0.1 at 2018-10-02 14:28:37 -0400
Processing by SessionsController#new as HTML
  [1m[36mUser Load (0.3ms)[0m  [1m[34mSELECT  "users".* FROM "users" WHERE "users"."id" IS NULL LIMIT ?[0m  [["LIMIT", 1]]
  ↳ app/controllers/application_controller.rb:6
Redirected to http://localhost:3000/login
Filter chain halted as :authorized rendered or redirected
Completed 302 Found in 3ms (ActiveRecord: 0.2ms)


Started GET "/login" for 127.0.0.1 at 2018-10-02 14:28:37 -0400
Processing by SessionsController#new as HTML
  [1m[36mUser Load (0.3ms)[0m  [1m[34mSELECT  "users".* FROM "users" WHERE "users"."id" IS NULL LIMIT ?[0m  [["LIMIT", 1]]
  ↳ app/controllers/application_controller.rb:6
Redirected to http://localhost:3000/login
Filter chain halted as :authorized rendered or redirected
Completed 302 Found in 3ms (ActiveRecord: 0.3ms)


Started GET "/login" for 127.0.0.1 at 2018-10-02 14:28:37 -0400
Processing by SessionsController#new as HTML
  [1m[36mUser Load (0.5ms)[0m  [1m[34mSELECT  "users".* FROM "users" WHERE "users"."id" IS NULL LIMIT ?[0m  [["LIMIT", 1]]
  ↳ app/controllers/application_controller.rb:6
Redirected to http://localhost:3000/login
Filter chain halted as :authorized rendered or redirected
Completed 302 Found in 3ms (ActiveRecord: 0.5ms)


Started GET "/login" for 127.0.0.1 at 2018-10-02 14:28:37 -0400
Processing by SessionsController#new as HTML
  [1m[36mUser Load (0.3ms)[0m  [1m[34mSELECT  "users".* FROM "users" WHERE "users"."id" IS NULL LIMIT ?[0m  [["LIMIT", 1]]
  ↳ app/controllers/application_controller.rb:6
Redirected to http://localhost:3000/login
Filter chain halted as :authorized rendered or redirected
Completed 302 Found in 4ms (ActiveRecord: 0.3ms)


Started GET "/login" for 127.0.0.1 at 2018-10-02 14:28:37 -0400
Processing by SessionsController#new as HTML
  [1m[36mUser Load (0.4ms)[0m  [1m[34mSELECT  "users".* FROM "users" WHERE "users"."id" IS NULL LIMIT ?[0m  [["LIMIT", 1]]
  ↳ app/controllers/application_controller.rb:6
Redirected to http://localhost:3000/login
Filter chain halted as :authorized rendered or redirected
Completed 302 Found in 9ms (ActiveRecord: 0.4ms)


Started GET "/login" for 127.0.0.1 at 2018-10-02 14:28:37 -0400
Processing by SessionsController#new as HTML
  [1m[36mUser Load (0.3ms)[0m  [1m[34mSELECT  "users".* FROM "users" WHERE "users"."id" IS NULL LIMIT ?[0m  [["LIMIT", 1]]
  ↳ app/controllers/application_controller.rb:6
Redirected to http://localhost:3000/login
Filter chain halted as :authorized rendered or redirected
Completed 302 Found in 3ms (ActiveRecord: 0.3ms)


Started GET "/login" for 127.0.0.1 at 2018-10-02 14:28:37 -0400
Processing by SessionsController#new as HTML
  [1m[36mUser Load (0.3ms)[0m  [1m[34mSELECT  "users".* FROM "users" WHERE "users"."id" IS NULL LIMIT ?[0m  [["LIMIT", 1]]
  ↳ app/controllers/application_controller.rb:6
Redirected to http://localhost:3000/login
Filter chain halted as :authorized rendered or redirected
Completed 302 Found in 4ms (ActiveRecord: 0.3ms)


Started GET "/login" for 127.0.0.1 at 2018-10-02 14:28:37 -0400
Processing by SessionsController#new as HTML
  [1m[36mUser Load (0.3ms)[0m  [1m[34mSELECT  "users".* FROM "users" WHERE "users"."id" IS NULL LIMIT ?[0m  [["LIMIT", 1]]
  ↳ app/controllers/application_controller.rb:6
Redirected to http://localhost:3000/login
Filter chain halted as :authorized rendered or redirected
Completed 302 Found in 4ms (ActiveRecord: 0.3ms)


Started GET "/login" for 127.0.0.1 at 2018-10-02 14:28:38 -0400
Processing by SessionsController#new as HTML
  [1m[36mUser Load (0.4ms)[0m  [1m[34mSELECT  "users".* FROM "users" WHERE "users"."id" IS NULL LIMIT ?[0m  [["LIMIT", 1]]
  ↳ app/controllers/application_controller.rb:6
Redirected to http://localhost:3000/login
Filter chain halted as :authorized rendered or redirected
Completed 302 Found in 15ms (ActiveRecord: 0.4ms)


Started GET "/login" for 127.0.0.1 at 2018-10-02 14:28:38 -0400
Processing by SessionsController#new as HTML
  [1m[36mUser Load (0.3ms)[0m  [1m[34mSELECT  "users".* FROM "users" WHERE "users"."id" IS NULL LIMIT ?[0m  [["LIMIT", 1]]
  ↳ app/controllers/application_controller.rb:6
Redirected to http://localhost:3000/login
Filter chain halted as :authorized rendered or redirected
Completed 302 Found in 4ms (ActiveRecord: 0.3ms)


Started GET "/login" for 127.0.0.1 at 2018-10-02 14:28:38 -0400
Processing by SessionsController#new as HTML
  [1m[36mUser Load (0.6ms)[0m  [1m[34mSELECT  "users".* FROM "users" WHERE "users"."id" IS NULL LIMIT ?[0m  [["LIMIT", 1]]
  ↳ app/controllers/application_controller.rb:6
Redirected to http://localhost:3000/login
Filter chain halted as :authorized rendered or redirected
Completed 302 Found in 6ms (ActiveRecord: 0.6ms)


Started GET "/login" for 127.0.0.1 at 2018-10-02 14:28:38 -0400
Processing by SessionsController#new as HTML
  [1m[36mUser Load (1.3ms)[0m  [1m[34mSELECT  "users".* FROM "users" WHERE "users"."id" IS NULL LIMIT ?[0m  [["LIMIT", 1]]
  ↳ app/controllers/application_controller.rb:6
Redirected to http://localhost:3000/login
Filter chain halted as :authorized rendered or redirected
Completed 302 Found in 12ms (ActiveRecord: 1.3ms)


Started GET "/login" for 127.0.0.1 at 2018-10-02 14:28:38 -0400
Processing by SessionsController#new as HTML
  [1m[36mUser Load (0.9ms)[0m  [1m[34mSELECT  "users".* FROM "users" WHERE "users"."id" IS NULL LIMIT ?[0m  [["LIMIT", 1]]
  ↳ app/controllers/application_controller.rb:6
Redirected to http://localhost:3000/login
Filter chain halted as :authorized rendered or redirected
Completed 302 Found in 7ms (ActiveRecord: 0.9ms)


Started GET "/login" for 127.0.0.1 at 2018-10-02 14:28:38 -0400
Processing by SessionsController#new as HTML
  [1m[36mUser Load (0.6ms)[0m  [1m[34mSELECT  "users".* FROM "users" WHERE "users"."id" IS NULL LIMIT ?[0m  [["LIMIT", 1]]
  ↳ app/controllers/application_controller.rb:6
Redirected to http://localhost:3000/login
Filter chain halted as :authorized rendered or redirected
Completed 302 Found in 5ms (ActiveRecord: 0.6ms)


Started GET "/login" for 127.0.0.1 at 2018-10-02 14:28:38 -0400
Processing by SessionsController#new as HTML
  [1m[36mUser Load (0.3ms)[0m  [1m[34mSELECT  "users".* FROM "users" WHERE "users"."id" IS NULL LIMIT ?[0m  [["LIMIT", 1]]
  ↳ app/controllers/application_controller.rb:6
Redirected to http://localhost:3000/login
Filter chain halted as :authorized rendered or redirected
Completed 302 Found in 5ms (ActiveRecord: 0.3ms)


Started GET "/login" for 127.0.0.1 at 2018-10-02 14:28:38 -0400
Processing by SessionsController#new as HTML
  [1m[36mUser Load (0.2ms)[0m  [1m[34mSELECT  "users".* FROM "users" WHERE "users"."id" IS NULL LIMIT ?[0m  [["LIMIT", 1]]
  ↳ app/controllers/application_controller.rb:6
Redirected to http://localhost:3000/login
Filter chain halted as :authorized rendered or redirected
Completed 302 Found in 2ms (ActiveRecord: 0.2ms)


Started GET "/login" for 127.0.0.1 at 2018-10-02 14:28:38 -0400
Processing by SessionsController#new as HTML
  [1m[36mUser Load (0.5ms)[0m  [1m[34mSELECT  "users".* FROM "users" WHERE "users"."id" IS NULL LIMIT ?[0m  [["LIMIT", 1]]
  ↳ app/controllers/application_controller.rb:6
Redirected to http://localhost:3000/login
Filter chain halted as :authorized rendered or redirected
Completed 302 Found in 4ms (ActiveRecord: 0.5ms)


Started GET "/login" for 127.0.0.1 at 2018-10-02 14:28:38 -0400
Processing by SessionsController#new as HTML
  [1m[36mUser Load (0.4ms)[0m  [1m[34mSELECT  "users".* FROM "users" WHERE "users"."id" IS NULL LIMIT ?[0m  [["LIMIT", 1]]
  ↳ app/controllers/application_controller.rb:6
Redirected to http://localhost:3000/login
Filter chain halted as :authorized rendered or redirected
Completed 302 Found in 6ms (ActiveRecord: 0.4ms)


Started GET "/login" for 127.0.0.1 at 2018-10-02 14:28:38 -0400
Processing by SessionsController#new as HTML
  [1m[36mUser Load (0.2ms)[0m  [1m[34mSELECT  "users".* FROM "users" WHERE "users"."id" IS NULL LIMIT ?[0m  [["LIMIT", 1]]
  ↳ app/controllers/application_controller.rb:6
Redirected to http://localhost:3000/login
Filter chain halted as :authorized rendered or redirected
Completed 302 Found in 3ms (ActiveRecord: 0.2ms)


Started GET "/login" for 127.0.0.1 at 2018-10-02 14:28:38 -0400
Processing by SessionsController#new as HTML
  [1m[36mUser Load (0.3ms)[0m  [1m[34mSELECT  "users".* FROM "users" WHERE "users"."id" IS NULL LIMIT ?[0m  [["LIMIT", 1]]
  ↳ app/controllers/application_controller.rb:6
Redirected to http://localhost:3000/login
Filter chain halted as :authorized rendered or redirected
Completed 302 Found in 3ms (ActiveRecord: 0.3ms)


Started GET "/login" for 127.0.0.1 at 2018-10-02 14:28:38 -0400
Processing by SessionsController#new as HTML
  [1m[36mUser Load (0.4ms)[0m  [1m[34mSELECT  "users".* FROM "users" WHERE "users"."id" IS NULL LIMIT ?[0m  [["LIMIT", 1]]
  ↳ app/controllers/application_controller.rb:6
Redirected to http://localhost:3000/login
Filter chain halted as :authorized rendered or redirected
Completed 302 Found in 7ms (ActiveRecord: 0.4ms)


Started GET "/login" for 127.0.0.1 at 2018-10-02 14:28:38 -0400
Processing by SessionsController#new as HTML
  [1m[36mUser Load (0.3ms)[0m  [1m[34mSELECT  "users".* FROM "users" WHERE "users"."id" IS NULL LIMIT ?[0m  [["LIMIT", 1]]
  ↳ app/controllers/application_controller.rb:6
Redirected to http://localhost:3000/login
Filter chain halted as :authorized rendered or redirected
Completed 302 Found in 3ms (ActiveRecord: 0.3ms)


Started GET "/login" for 127.0.0.1 at 2018-10-02 14:28:38 -0400
Processing by SessionsController#new as HTML
  [1m[36mUser Load (0.2ms)[0m  [1m[34mSELECT  "users".* FROM "users" WHERE "users"."id" IS NULL LIMIT ?[0m  [["LIMIT", 1]]
  ↳ app/controllers/application_controller.rb:6
Redirected to http://localhost:3000/login
Filter chain halted as :authorized rendered or redirected
Completed 302 Found in 9ms (ActiveRecord: 0.2ms)


Started GET "/login" for 127.0.0.1 at 2018-10-02 14:28:38 -0400
Processing by SessionsController#new as HTML
  [1m[36mUser Load (0.2ms)[0m  [1m[34mSELECT  "users".* FROM "users" WHERE "users"."id" IS NULL LIMIT ?[0m  [["LIMIT", 1]]
  ↳ app/controllers/application_controller.rb:6
Redirected to http://localhost:3000/login
Filter chain halted as :authorized rendered or redirected
Completed 302 Found in 3ms (ActiveRecord: 0.2ms)


Started GET "/login" for 127.0.0.1 at 2018-10-02 14:28:38 -0400
Processing by SessionsController#new as HTML
  [1m[36mUser Load (0.3ms)[0m  [1m[34mSELECT  "users".* FROM "users" WHERE "users"."id" IS NULL LIMIT ?[0m  [["LIMIT", 1]]
  ↳ app/controllers/application_controller.rb:6
Redirected to http://localhost:3000/login
Filter chain halted as :authorized rendered or redirected
Completed 302 Found in 7ms (ActiveRecord: 0.3ms)


Started GET "/login" for 127.0.0.1 at 2018-10-02 14:28:38 -0400
Processing by SessionsController#new as HTML
  [1m[36mUser Load (0.2ms)[0m  [1m[34mSELECT  "users".* FROM "users" WHERE "users"."id" IS NULL LIMIT ?[0m  [["LIMIT", 1]]
  ↳ app/controllers/application_controller.rb:6
Redirected to http://localhost:3000/login
Filter chain halted as :authorized rendered or redirected
Completed 302 Found in 3ms (ActiveRecord: 0.2ms)


Started GET "/login" for 127.0.0.1 at 2018-10-02 14:28:38 -0400
Processing by SessionsController#new as HTML
  [1m[36mUser Load (0.4ms)[0m  [1m[34mSELECT  "users".* FROM "users" WHERE "users"."id" IS NULL LIMIT ?[0m  [["LIMIT", 1]]
  ↳ app/controllers/application_controller.rb:6
Redirected to http://localhost:3000/login
Filter chain halted as :authorized rendered or redirected
Completed 302 Found in 4ms (ActiveRecord: 0.4ms)


Started GET "/login" for 127.0.0.1 at 2018-10-02 14:28:38 -0400
Processing by SessionsController#new as HTML
  [1m[36mUser Load (0.3ms)[0m  [1m[34mSELECT  "users".* FROM "users" WHERE "users"."id" IS NULL LIMIT ?[0m  [["LIMIT", 1]]
  ↳ app/controllers/application_controller.rb:6
Redirected to http://localhost:3000/login
Filter chain halted as :authorized rendered or redirected
Completed 302 Found in 4ms (ActiveRecord: 0.3ms)


Started GET "/login" for 127.0.0.1 at 2018-10-02 14:28:43 -0400
Processing by SessionsController#new as HTML
  [1m[36mUser Load (0.2ms)[0m  [1m[34mSELECT  "users".* FROM "users" WHERE "users"."id" IS NULL LIMIT ?[0m  [["LIMIT", 1]]
  ↳ app/controllers/application_controller.rb:6
Redirected to http://localhost:3000/login
Filter chain halted as :authorized rendered or redirected
Completed 302 Found in 4ms (ActiveRecord: 0.2ms)


Started GET "/login" for 127.0.0.1 at 2018-10-02 14:28:43 -0400
Processing by SessionsController#new as HTML
  [1m[36mUser Load (0.3ms)[0m  [1m[34mSELECT  "users".* FROM "users" WHERE "users"."id" IS NULL LIMIT ?[0m  [["LIMIT", 1]]
  ↳ app/controllers/application_controller.rb:6
Redirected to http://localhost:3000/login
Filter chain halted as :authorized rendered or redirected
Completed 302 Found in 3ms (ActiveRecord: 0.3ms)


Started GET "/login" for 127.0.0.1 at 2018-10-02 14:28:43 -0400
Processing by SessionsController#new as HTML
  [1m[36mUser Load (0.5ms)[0m  [1m[34mSELECT  "users".* FROM "users" WHERE "users"."id" IS NULL LIMIT ?[0m  [["LIMIT", 1]]
  ↳ app/controllers/application_controller.rb:6
Redirected to http://localhost:3000/login
Filter chain halted as :authorized rendered or redirected
Completed 302 Found in 6ms (ActiveRecord: 0.5ms)


Started GET "/login" for 127.0.0.1 at 2018-10-02 14:28:43 -0400
Processing by SessionsController#new as HTML
  [1m[36mUser Load (0.3ms)[0m  [1m[34mSELECT  "users".* FROM "users" WHERE "users"."id" IS NULL LIMIT ?[0m  [["LIMIT", 1]]
  ↳ app/controllers/application_controller.rb:6
Redirected to http://localhost:3000/login
Filter chain halted as :authorized rendered or redirected
Completed 302 Found in 3ms (ActiveRecord: 0.3ms)


Started GET "/login" for 127.0.0.1 at 2018-10-02 14:28:43 -0400
Processing by SessionsController#new as HTML
  [1m[36mUser Load (0.4ms)[0m  [1m[34mSELECT  "users".* FROM "users" WHERE "users"."id" IS NULL LIMIT ?[0m  [["LIMIT", 1]]
  ↳ app/controllers/application_controller.rb:6
Redirected to http://localhost:3000/login
Filter chain halted as :authorized rendered or redirected
Completed 302 Found in 4ms (ActiveRecord: 0.4ms)


Started GET "/login" for 127.0.0.1 at 2018-10-02 14:28:43 -0400
Processing by SessionsController#new as HTML
  [1m[36mUser Load (0.3ms)[0m  [1m[34mSELECT  "users".* FROM "users" WHERE "users"."id" IS NULL LIMIT ?[0m  [["LIMIT", 1]]
  ↳ app/controllers/application_controller.rb:6
Redirected to http://localhost:3000/login
Filter chain halted as :authorized rendered or redirected
Completed 302 Found in 4ms (ActiveRecord: 0.3ms)


Started GET "/login" for 127.0.0.1 at 2018-10-02 14:28:43 -0400
Processing by SessionsController#new as HTML
  [1m[36mUser Load (0.2ms)[0m  [1m[34mSELECT  "users".* FROM "users" WHERE "users"."id" IS NULL LIMIT ?[0m  [["LIMIT", 1]]
  ↳ app/controllers/application_controller.rb:6
Redirected to http://localhost:3000/login
Filter chain halted as :authorized rendered or redirected
Completed 302 Found in 3ms (ActiveRecord: 0.2ms)


Started GET "/login" for 127.0.0.1 at 2018-10-02 14:28:43 -0400
Processing by SessionsController#new as HTML
  [1m[36mUser Load (0.3ms)[0m  [1m[34mSELECT  "users".* FROM "users" WHERE "users"."id" IS NULL LIMIT ?[0m  [["LIMIT", 1]]
  ↳ app/controllers/application_controller.rb:6
Redirected to http://localhost:3000/login
Filter chain halted as :authorized rendered or redirected
Completed 302 Found in 4ms (ActiveRecord: 0.3ms)


Started GET "/login" for 127.0.0.1 at 2018-10-02 14:28:43 -0400
Processing by SessionsController#new as HTML
  [1m[36mUser Load (0.2ms)[0m  [1m[34mSELECT  "users".* FROM "users" WHERE "users"."id" IS NULL LIMIT ?[0m  [["LIMIT", 1]]
  ↳ app/controllers/application_controller.rb:6
Redirected to http://localhost:3000/login
Filter chain halted as :authorized rendered or redirected
Completed 302 Found in 3ms (ActiveRecord: 0.2ms)


Started GET "/login" for 127.0.0.1 at 2018-10-02 14:28:43 -0400
Processing by SessionsController#new as HTML
  [1m[36mUser Load (0.3ms)[0m  [1m[34mSELECT  "users".* FROM "users" WHERE "users"."id" IS NULL LIMIT ?[0m  [["LIMIT", 1]]
  ↳ app/controllers/application_controller.rb:6
Redirected to http://localhost:3000/login
Filter chain halted as :authorized rendered or redirected
Completed 302 Found in 3ms (ActiveRecord: 0.3ms)


Started GET "/login" for 127.0.0.1 at 2018-10-02 14:28:43 -0400
Processing by SessionsController#new as HTML
  [1m[36mUser Load (0.2ms)[0m  [1m[34mSELECT  "users".* FROM "users" WHERE "users"."id" IS NULL LIMIT ?[0m  [["LIMIT", 1]]
  ↳ app/controllers/application_controller.rb:6
Redirected to http://localhost:3000/login
Filter chain halted as :authorized rendered or redirected
Completed 302 Found in 3ms (ActiveRecord: 0.2ms)


Started GET "/login" for 127.0.0.1 at 2018-10-02 14:28:43 -0400
Processing by SessionsController#new as HTML
  [1m[36mUser Load (0.4ms)[0m  [1m[34mSELECT  "users".* FROM "users" WHERE "users"."id" IS NULL LIMIT ?[0m  [["LIMIT", 1]]
  ↳ app/controllers/application_controller.rb:6
Redirected to http://localhost:3000/login
Filter chain halted as :authorized rendered or redirected
Completed 302 Found in 4ms (ActiveRecord: 0.4ms)


Started GET "/login" for 127.0.0.1 at 2018-10-02 14:28:43 -0400
Processing by SessionsController#new as HTML
  [1m[36mUser Load (0.3ms)[0m  [1m[34mSELECT  "users".* FROM "users" WHERE "users"."id" IS NULL LIMIT ?[0m  [["LIMIT", 1]]
  ↳ app/controllers/application_controller.rb:6
Redirected to http://localhost:3000/login
Filter chain halted as :authorized rendered or redirected
Completed 302 Found in 4ms (ActiveRecord: 0.3ms)


Started GET "/login" for 127.0.0.1 at 2018-10-02 14:28:43 -0400
Processing by SessionsController#new as HTML
  [1m[36mUser Load (0.2ms)[0m  [1m[34mSELECT  "users".* FROM "users" WHERE "users"."id" IS NULL LIMIT ?[0m  [["LIMIT", 1]]
  ↳ app/controllers/application_controller.rb:6
Redirected to http://localhost:3000/login
Filter chain halted as :authorized rendered or redirected
Completed 302 Found in 2ms (ActiveRecord: 0.2ms)


Started GET "/login" for 127.0.0.1 at 2018-10-02 14:28:43 -0400
Processing by SessionsController#new as HTML
  [1m[36mUser Load (0.3ms)[0m  [1m[34mSELECT  "users".* FROM "users" WHERE "users"."id" IS NULL LIMIT ?[0m  [["LIMIT", 1]]
  ↳ app/controllers/application_controller.rb:6
Redirected to http://localhost:3000/login
Filter chain halted as :authorized rendered or redirected
Completed 302 Found in 3ms (ActiveRecord: 0.3ms)


Started GET "/login" for 127.0.0.1 at 2018-10-02 14:28:43 -0400
Processing by SessionsController#new as HTML
  [1m[36mUser Load (0.2ms)[0m  [1m[34mSELECT  "users".* FROM "users" WHERE "users"."id" IS NULL LIMIT ?[0m  [["LIMIT", 1]]
  ↳ app/controllers/application_controller.rb:6
Redirected to http://localhost:3000/login
Filter chain halted as :authorized rendered or redirected
Completed 302 Found in 5ms (ActiveRecord: 0.2ms)


Started GET "/login" for 127.0.0.1 at 2018-10-02 14:28:43 -0400
Processing by SessionsController#new as HTML
  [1m[36mUser Load (0.3ms)[0m  [1m[34mSELECT  "users".* FROM "users" WHERE "users"."id" IS NULL LIMIT ?[0m  [["LIMIT", 1]]
  ↳ app/controllers/application_controller.rb:6
Redirected to http://localhost:3000/login
Filter chain halted as :authorized rendered or redirected
Completed 302 Found in 7ms (ActiveRecord: 0.3ms)


Started GET "/login" for 127.0.0.1 at 2018-10-02 14:28:43 -0400
Processing by SessionsController#new as HTML
  [1m[36mUser Load (0.3ms)[0m  [1m[34mSELECT  "users".* FROM "users" WHERE "users"."id" IS NULL LIMIT ?[0m  [["LIMIT", 1]]
  ↳ app/controllers/application_controller.rb:6
Redirected to http://localhost:3000/login
Filter chain halted as :authorized rendered or redirected
Completed 302 Found in 5ms (ActiveRecord: 0.3ms)


Started GET "/login" for 127.0.0.1 at 2018-10-02 14:28:43 -0400
Processing by SessionsController#new as HTML
  [1m[36mUser Load (0.2ms)[0m  [1m[34mSELECT  "users".* FROM "users" WHERE "users"."id" IS NULL LIMIT ?[0m  [["LIMIT", 1]]
  ↳ app/controllers/application_controller.rb:6
Redirected to http://localhost:3000/login
Filter chain halted as :authorized rendered or redirected
Completed 302 Found in 4ms (ActiveRecord: 0.2ms)


Started GET "/login" for 127.0.0.1 at 2018-10-02 14:28:43 -0400
Processing by SessionsController#new as HTML
  [1m[36mUser Load (0.3ms)[0m  [1m[34mSELECT  "users".* FROM "users" WHERE "users"."id" IS NULL LIMIT ?[0m  [["LIMIT", 1]]
  ↳ app/controllers/application_controller.rb:6
Redirected to http://localhost:3000/login
Filter chain halted as :authorized rendered or redirected
Completed 302 Found in 5ms (ActiveRecord: 0.3ms)


Started GET "/login" for 127.0.0.1 at 2018-10-02 14:29:13 -0400
Processing by SessionsController#new as HTML
  [1m[36mUser Load (0.2ms)[0m  [1m[34mSELECT  "users".* FROM "users" WHERE "users"."id" IS NULL LIMIT ?[0m  [["LIMIT", 1]]
  ↳ app/controllers/application_controller.rb:6
Redirected to http://localhost:3000/login
Filter chain halted as :authorized rendered or redirected
Completed 302 Found in 3ms (ActiveRecord: 0.2ms)


Started GET "/login" for 127.0.0.1 at 2018-10-02 14:29:13 -0400
Processing by SessionsController#new as HTML
  [1m[36mUser Load (0.2ms)[0m  [1m[34mSELECT  "users".* FROM "users" WHERE "users"."id" IS NULL LIMIT ?[0m  [["LIMIT", 1]]
  ↳ app/controllers/application_controller.rb:6
Redirected to http://localhost:3000/login
Filter chain halted as :authorized rendered or redirected
Completed 302 Found in 3ms (ActiveRecord: 0.2ms)


Started GET "/login" for 127.0.0.1 at 2018-10-02 14:29:13 -0400
Processing by SessionsController#new as HTML
  [1m[36mUser Load (0.2ms)[0m  [1m[34mSELECT  "users".* FROM "users" WHERE "users"."id" IS NULL LIMIT ?[0m  [["LIMIT", 1]]
  ↳ app/controllers/application_controller.rb:6
Redirected to http://localhost:3000/login
Filter chain halted as :authorized rendered or redirected
Completed 302 Found in 3ms (ActiveRecord: 0.2ms)


Started GET "/login" for 127.0.0.1 at 2018-10-02 14:29:13 -0400
Processing by SessionsController#new as HTML
  [1m[36mUser Load (0.3ms)[0m  [1m[34mSELECT  "users".* FROM "users" WHERE "users"."id" IS NULL LIMIT ?[0m  [["LIMIT", 1]]
  ↳ app/controllers/application_controller.rb:6
Redirected to http://localhost:3000/login
Filter chain halted as :authorized rendered or redirected
Completed 302 Found in 6ms (ActiveRecord: 0.3ms)


Started GET "/login" for 127.0.0.1 at 2018-10-02 14:29:13 -0400
Processing by SessionsController#new as HTML
  [1m[36mUser Load (0.2ms)[0m  [1m[34mSELECT  "users".* FROM "users" WHERE "users"."id" IS NULL LIMIT ?[0m  [["LIMIT", 1]]
  ↳ app/controllers/application_controller.rb:6
Redirected to http://localhost:3000/login
Filter chain halted as :authorized rendered or redirected
Completed 302 Found in 4ms (ActiveRecord: 0.2ms)


Started GET "/login" for 127.0.0.1 at 2018-10-02 14:29:13 -0400
Processing by SessionsController#new as HTML
  [1m[36mUser Load (0.2ms)[0m  [1m[34mSELECT  "users".* FROM "users" WHERE "users"."id" IS NULL LIMIT ?[0m  [["LIMIT", 1]]
  ↳ app/controllers/application_controller.rb:6
Redirected to http://localhost:3000/login
Filter chain halted as :authorized rendered or redirected
Completed 302 Found in 2ms (ActiveRecord: 0.2ms)


Started GET "/login" for 127.0.0.1 at 2018-10-02 14:29:13 -0400
Processing by SessionsController#new as HTML
  [1m[36mUser Load (0.5ms)[0m  [1m[34mSELECT  "users".* FROM "users" WHERE "users"."id" IS NULL LIMIT ?[0m  [["LIMIT", 1]]
  ↳ app/controllers/application_controller.rb:6
Redirected to http://localhost:3000/login
Filter chain halted as :authorized rendered or redirected
Completed 302 Found in 5ms (ActiveRecord: 0.5ms)


Started GET "/login" for 127.0.0.1 at 2018-10-02 14:29:13 -0400
Processing by SessionsController#new as HTML
  [1m[36mUser Load (0.2ms)[0m  [1m[34mSELECT  "users".* FROM "users" WHERE "users"."id" IS NULL LIMIT ?[0m  [["LIMIT", 1]]
  ↳ app/controllers/application_controller.rb:6
Redirected to http://localhost:3000/login
Filter chain halted as :authorized rendered or redirected
Completed 302 Found in 3ms (ActiveRecord: 0.2ms)


Started GET "/login" for 127.0.0.1 at 2018-10-02 14:29:13 -0400
Processing by SessionsController#new as HTML
  [1m[36mUser Load (0.2ms)[0m  [1m[34mSELECT  "users".* FROM "users" WHERE "users"."id" IS NULL LIMIT ?[0m  [["LIMIT", 1]]
  ↳ app/controllers/application_controller.rb:6
Redirected to http://localhost:3000/login
Filter chain halted as :authorized rendered or redirected
Completed 302 Found in 3ms (ActiveRecord: 0.2ms)


Started GET "/login" for 127.0.0.1 at 2018-10-02 14:29:13 -0400
Processing by SessionsController#new as HTML
  [1m[36mUser Load (0.2ms)[0m  [1m[34mSELECT  "users".* FROM "users" WHERE "users"."id" IS NULL LIMIT ?[0m  [["LIMIT", 1]]
  ↳ app/controllers/application_controller.rb:6
Redirected to http://localhost:3000/login
Filter chain halted as :authorized rendered or redirected
Completed 302 Found in 4ms (ActiveRecord: 0.2ms)


Started GET "/login" for 127.0.0.1 at 2018-10-02 14:29:13 -0400
Processing by SessionsController#new as HTML
  [1m[36mUser Load (0.2ms)[0m  [1m[34mSELECT  "users".* FROM "users" WHERE "users"."id" IS NULL LIMIT ?[0m  [["LIMIT", 1]]
  ↳ app/controllers/application_controller.rb:6
Redirected to http://localhost:3000/login
Filter chain halted as :authorized rendered or redirected
Completed 302 Found in 3ms (ActiveRecord: 0.2ms)


Started GET "/login" for 127.0.0.1 at 2018-10-02 14:29:13 -0400
Processing by SessionsController#new as HTML
  [1m[36mUser Load (0.2ms)[0m  [1m[34mSELECT  "users".* FROM "users" WHERE "users"."id" IS NULL LIMIT ?[0m  [["LIMIT", 1]]
  ↳ app/controllers/application_controller.rb:6
Redirected to http://localhost:3000/login
Filter chain halted as :authorized rendered or redirected
Completed 302 Found in 2ms (ActiveRecord: 0.2ms)


Started GET "/login" for 127.0.0.1 at 2018-10-02 14:29:13 -0400
Processing by SessionsController#new as HTML
  [1m[36mUser Load (0.3ms)[0m  [1m[34mSELECT  "users".* FROM "users" WHERE "users"."id" IS NULL LIMIT ?[0m  [["LIMIT", 1]]
  ↳ app/controllers/application_controller.rb:6
Redirected to http://localhost:3000/login
Filter chain halted as :authorized rendered or redirected
Completed 302 Found in 2ms (ActiveRecord: 0.3ms)


Started GET "/login" for 127.0.0.1 at 2018-10-02 14:29:13 -0400
Processing by SessionsController#new as HTML
  [1m[36mUser Load (0.3ms)[0m  [1m[34mSELECT  "users".* FROM "users" WHERE "users"."id" IS NULL LIMIT ?[0m  [["LIMIT", 1]]
  ↳ app/controllers/application_controller.rb:6
Redirected to http://localhost:3000/login
Filter chain halted as :authorized rendered or redirected
Completed 302 Found in 2ms (ActiveRecord: 0.3ms)


Started GET "/login" for 127.0.0.1 at 2018-10-02 14:29:13 -0400
Processing by SessionsController#new as HTML
  [1m[36mUser Load (0.2ms)[0m  [1m[34mSELECT  "users".* FROM "users" WHERE "users"."id" IS NULL LIMIT ?[0m  [["LIMIT", 1]]
  ↳ app/controllers/application_controller.rb:6
Redirected to http://localhost:3000/login
Filter chain halted as :authorized rendered or redirected
Completed 302 Found in 3ms (ActiveRecord: 0.2ms)


Started GET "/login" for 127.0.0.1 at 2018-10-02 14:29:13 -0400
Processing by SessionsController#new as HTML
  [1m[36mUser Load (0.2ms)[0m  [1m[34mSELECT  "users".* FROM "users" WHERE "users"."id" IS NULL LIMIT ?[0m  [["LIMIT", 1]]
  ↳ app/controllers/application_controller.rb:6
Redirected to http://localhost:3000/login
Filter chain halted as :authorized rendered or redirected
Completed 302 Found in 2ms (ActiveRecord: 0.2ms)


Started GET "/login" for 127.0.0.1 at 2018-10-02 14:29:13 -0400
Processing by SessionsController#new as HTML
  [1m[36mUser Load (0.3ms)[0m  [1m[34mSELECT  "users".* FROM "users" WHERE "users"."id" IS NULL LIMIT ?[0m  [["LIMIT", 1]]
  ↳ app/controllers/application_controller.rb:6
Redirected to http://localhost:3000/login
Filter chain halted as :authorized rendered or redirected
Completed 302 Found in 3ms (ActiveRecord: 0.3ms)


Started GET "/login" for 127.0.0.1 at 2018-10-02 14:29:13 -0400
Processing by SessionsController#new as HTML
  [1m[36mUser Load (0.4ms)[0m  [1m[34mSELECT  "users".* FROM "users" WHERE "users"."id" IS NULL LIMIT ?[0m  [["LIMIT", 1]]
  ↳ app/controllers/application_controller.rb:6
Redirected to http://localhost:3000/login
Filter chain halted as :authorized rendered or redirected
Completed 302 Found in 15ms (ActiveRecord: 0.4ms)


Started GET "/login" for 127.0.0.1 at 2018-10-02 14:29:13 -0400
Processing by SessionsController#new as HTML
  [1m[36mUser Load (2.7ms)[0m  [1m[34mSELECT  "users".* FROM "users" WHERE "users"."id" IS NULL LIMIT ?[0m  [["LIMIT", 1]]
  ↳ app/controllers/application_controller.rb:6
Redirected to http://localhost:3000/login
Filter chain halted as :authorized rendered or redirected
Completed 302 Found in 7ms (ActiveRecord: 2.7ms)


Started GET "/login" for 127.0.0.1 at 2018-10-02 14:29:13 -0400
Processing by SessionsController#new as HTML
  [1m[36mUser Load (0.7ms)[0m  [1m[34mSELECT  "users".* FROM "users" WHERE "users"."id" IS NULL LIMIT ?[0m  [["LIMIT", 1]]
  ↳ app/controllers/application_controller.rb:6
Redirected to http://localhost:3000/login
Filter chain halted as :authorized rendered or redirected
Completed 302 Found in 10ms (ActiveRecord: 0.7ms)


Started GET "/login" for 127.0.0.1 at 2018-10-02 14:30:13 -0400
Processing by SessionsController#new as HTML
  Rendering sessions/new.html.erb within layouts/application
  Rendered sessions/new.html.erb within layouts/application (1.4ms)
Completed 200 OK in 82ms (Views: 80.7ms | ActiveRecord: 0.0ms)


Started GET "/login" for 127.0.0.1 at 2018-10-02 14:30:50 -0400
Processing by SessionsController#new as HTML
  Rendering sessions/new.html.erb within layouts/application
  Rendered sessions/new.html.erb within layouts/application (1.1ms)
Completed 200 OK in 38ms (Views: 37.0ms | ActiveRecord: 0.0ms)


Started GET "/login" for 127.0.0.1 at 2018-10-02 14:31:25 -0400
Processing by SessionsController#new as HTML
  Rendering sessions/new.html.erb within layouts/application
  Rendered sessions/new.html.erb within layouts/application (1.7ms)
Completed 200 OK in 52ms (Views: 51.0ms | ActiveRecord: 0.0ms)


Started GET "/users/3" for 127.0.0.1 at 2018-10-02 14:31:38 -0400
Processing by UsersController#show as HTML
  Parameters: {"id"=>"3"}
  [1m[36mUser Load (0.3ms)[0m  [1m[34mSELECT  "users".* FROM "users" WHERE "users"."id" IS NULL LIMIT ?[0m  [["LIMIT", 1]]
  ↳ app/controllers/application_controller.rb:6
Redirected to http://localhost:3000/login
Filter chain halted as :authorized rendered or redirected
Completed 302 Found in 17ms (ActiveRecord: 1.4ms)


Started GET "/login" for 127.0.0.1 at 2018-10-02 14:31:38 -0400
Processing by SessionsController#new as HTML
  Rendering sessions/new.html.erb within layouts/application
  Rendered sessions/new.html.erb within layouts/application (3.0ms)
Completed 200 OK in 145ms (Views: 142.4ms | ActiveRecord: 0.0ms)


Started GET "/users/new" for 127.0.0.1 at 2018-10-02 14:31:47 -0400
Processing by UsersController#new as HTML
  [1m[36mUser Load (0.6ms)[0m  [1m[34mSELECT  "users".* FROM "users" WHERE "users"."id" IS NULL LIMIT ?[0m  [["LIMIT", 1]]
  ↳ app/controllers/application_controller.rb:6
Redirected to http://localhost:3000/login
Filter chain halted as :authorized rendered or redirected
Completed 302 Found in 5ms (ActiveRecord: 0.6ms)


Started GET "/login" for 127.0.0.1 at 2018-10-02 14:31:47 -0400
Processing by SessionsController#new as HTML
  Rendering sessions/new.html.erb within layouts/application
  Rendered sessions/new.html.erb within layouts/application (6.9ms)
Completed 200 OK in 100ms (Views: 99.7ms | ActiveRecord: 0.0ms)


Started GET "/users/new" for 127.0.0.1 at 2018-10-02 14:32:06 -0400
Processing by UsersController#new as HTML
  Rendering users/new.erb within layouts/application
  Rendered users/new.erb within layouts/application (33.4ms)
Completed 200 OK in 138ms (Views: 117.7ms | ActiveRecord: 0.9ms)


Started POST "/users" for 127.0.0.1 at 2018-10-02 14:32:17 -0400
Processing by UsersController#create as HTML
  Parameters: {"utf8"=>"✓", "authenticity_token"=>"05n7U4KmJZR40PBpTLFpqwESbX8Oty+QkkwLsfpDNm9buEIcs60nVGerBxnz94xyaYSrMSWvacjzVWwjORSZSw==", "user"=>{"username"=>"michael", "password"=>"[FILTERED]"}, "commit"=>"Create User"}
  [1m[35m (0.1ms)[0m  [1m[36mbegin transaction[0m
  ↳ app/controllers/users_controller.rb:13
  [1m[36mUser Create (0.8ms)[0m  [1m[32mINSERT INTO "users" ("username", "password_digest", "created_at", "updated_at") VALUES (?, ?, ?, ?)[0m  [["username", "michael"], ["password_digest", "$2a$10$0.jJ2c9AzTt5Xi/zOeLC2utpeTA5GV/YZbQ4UAdB8R2ajQY/bvgtW"], ["created_at", "2018-10-02 18:32:17.289904"], ["updated_at", "2018-10-02 18:32:17.289904"]]
  ↳ app/controllers/users_controller.rb:13
  [1m[35m (1.4ms)[0m  [1m[36mcommit transaction[0m
  ↳ app/controllers/users_controller.rb:13
Redirected to http://localhost:3000/users/5
Completed 302 Found in 103ms (ActiveRecord: 2.3ms)


Started GET "/users/5" for 127.0.0.1 at 2018-10-02 14:32:17 -0400
Processing by UsersController#show as HTML
  Parameters: {"id"=>"5"}
  [1m[36mUser Load (0.3ms)[0m  [1m[34mSELECT  "users".* FROM "users" WHERE "users"."id" IS NULL LIMIT ?[0m  [["LIMIT", 1]]
  ↳ app/controllers/application_controller.rb:6
Redirected to http://localhost:3000/login
Filter chain halted as :authorized rendered or redirected
Completed 302 Found in 3ms (ActiveRecord: 0.3ms)


Started GET "/login" for 127.0.0.1 at 2018-10-02 14:32:17 -0400
Processing by SessionsController#new as HTML
  Rendering sessions/new.html.erb within layouts/application
  Rendered sessions/new.html.erb within layouts/application (3.6ms)
Completed 200 OK in 45ms (Views: 44.4ms | ActiveRecord: 0.0ms)


Started POST "/login" for 127.0.0.1 at 2018-10-02 14:32:42 -0400
Processing by SessionsController#create as HTML
  Parameters: {"utf8"=>"✓", "authenticity_token"=>"fY5ToAXDxoZ2Zv+16pzqpVgF8SWE8YXV1BYFkLXISAf1r+rvNMjERmkdCMVV2g98MJM3a6/pw421D2ICdp/nIw==", "username"=>"michael", "password"=>"[FILTERED]", "commit"=>"Login"}
  [1m[36mUser Load (0.8ms)[0m  [1m[34mSELECT  "users".* FROM "users" WHERE "users"."username" = ? LIMIT ?[0m  [["username", "michael"], ["LIMIT", 1]]
  ↳ app/controllers/sessions_controller.rb:12
Redirected to http://localhost:3000/users/2
Completed 302 Found in 109ms (ActiveRecord: 0.8ms)


Started GET "/users/2" for 127.0.0.1 at 2018-10-02 14:32:43 -0400
Processing by UsersController#show as HTML
  Parameters: {"id"=>"2"}
  [1m[36mUser Load (0.3ms)[0m  [1m[34mSELECT  "users".* FROM "users" WHERE "users"."id" = ? LIMIT ?[0m  [["id", 2], ["LIMIT", 1]]
  ↳ app/controllers/application_controller.rb:6
  [1m[36mUser Load (0.2ms)[0m  [1m[34mSELECT  "users".* FROM "users" WHERE "users"."id" = ? LIMIT ?[0m  [["id", 2], ["LIMIT", 1]]
  ↳ app/controllers/users_controller.rb:5
  Rendering users/show.erb within layouts/application
  Rendered users/show.erb within layouts/application (1.8ms)
Completed 200 OK in 62ms (Views: 53.6ms | ActiveRecord: 0.5ms)


Started GET "/users/4" for 127.0.0.1 at 2018-10-02 14:33:32 -0400
Processing by UsersController#show as HTML
  Parameters: {"id"=>"4"}
  [1m[36mUser Load (0.3ms)[0m  [1m[34mSELECT  "users".* FROM "users" WHERE "users"."id" = ? LIMIT ?[0m  [["id", 2], ["LIMIT", 1]]
  ↳ app/controllers/application_controller.rb:6
  [1m[36mUser Load (0.2ms)[0m  [1m[34mSELECT  "users".* FROM "users" WHERE "users"."id" = ? LIMIT ?[0m  [["id", 4], ["LIMIT", 1]]
  ↳ app/controllers/users_controller.rb:5
  Rendering users/show.erb within layouts/application
  Rendered users/show.erb within layouts/application (2.0ms)
Completed 200 OK in 151ms (Views: 89.5ms | ActiveRecord: 2.1ms)


Started GET "/users/2" for 127.0.0.1 at 2018-10-02 14:33:38 -0400
Processing by UsersController#show as HTML
  Parameters: {"id"=>"2"}
  [1m[36mUser Load (0.2ms)[0m  [1m[34mSELECT  "users".* FROM "users" WHERE "users"."id" = ? LIMIT ?[0m  [["id", 2], ["LIMIT", 1]]
  ↳ app/controllers/application_controller.rb:6
  [1m[36mUser Load (0.2ms)[0m  [1m[34mSELECT  "users".* FROM "users" WHERE "users"."id" = ? LIMIT ?[0m  [["id", 2], ["LIMIT", 1]]
  ↳ app/controllers/users_controller.rb:5
  Rendering users/show.erb within layouts/application
  Rendered users/show.erb within layouts/application (5.1ms)
Completed 200 OK in 96ms (Views: 84.2ms | ActiveRecord: 0.4ms)


Started GET "/users/4" for 127.0.0.1 at 2018-10-02 14:33:51 -0400
Processing by UsersController#show as HTML
  Parameters: {"id"=>"4"}
  [1m[36mUser Load (0.7ms)[0m  [1m[34mSELECT  "users".* FROM "users" WHERE "users"."id" = ? LIMIT ?[0m  [["id", 2], ["LIMIT", 1]]
  ↳ app/controllers/application_controller.rb:6
  [1m[36mUser Load (0.2ms)[0m  [1m[34mSELECT  "users".* FROM "users" WHERE "users"."id" = ? LIMIT ?[0m  [["id", 4], ["LIMIT", 1]]
  ↳ app/controllers/users_controller.rb:5
  Rendering users/show.erb within layouts/application
  Rendered users/show.erb within layouts/application (3.5ms)
Completed 200 OK in 209ms (Views: 195.9ms | ActiveRecord: 0.8ms)


Started GET "/users/2" for 127.0.0.1 at 2018-10-02 14:33:56 -0400
Processing by UsersController#show as HTML
  Parameters: {"id"=>"2"}
  [1m[36mUser Load (0.2ms)[0m  [1m[34mSELECT  "users".* FROM "users" WHERE "users"."id" = ? LIMIT ?[0m  [["id", 2], ["LIMIT", 1]]
  ↳ app/controllers/application_controller.rb:6
  [1m[36mUser Load (0.3ms)[0m  [1m[34mSELECT  "users".* FROM "users" WHERE "users"."id" = ? LIMIT ?[0m  [["id", 2], ["LIMIT", 1]]
  ↳ app/controllers/users_controller.rb:5
  Rendering users/show.erb within layouts/application
  Rendered users/show.erb within layouts/application (4.7ms)
Completed 200 OK in 114ms (Views: 102.7ms | ActiveRecord: 0.5ms)


Started GET "/users/2" for 127.0.0.1 at 2018-10-02 14:34:58 -0400
Processing by UsersController#show as HTML
  Parameters: {"id"=>"2"}
  [1m[36mUser Load (0.7ms)[0m  [1m[34mSELECT  "users".* FROM "users" WHERE "users"."id" = ? LIMIT ?[0m  [["id", 2], ["LIMIT", 1]]
  ↳ app/controllers/application_controller.rb:6
  [1m[36mUser Load (0.2ms)[0m  [1m[34mSELECT  "users".* FROM "users" WHERE "users"."id" = ? LIMIT ?[0m  [["id", 2], ["LIMIT", 1]]
  ↳ app/controllers/users_controller.rb:5
  Rendering users/show.erb within layouts/application
  Rendered users/show.erb within layouts/application (350.0ms)
Completed 500 Internal Server Error in 397ms (ActiveRecord: 0.9ms)


  
ActionView::Template::Error (undefined local variable or method `current_user' for #<#<Class:0x007fef1a24bb50>:0x007fef14bf61d8>
Did you mean?  current_page?):
    4: 
    5: <%= image_tag @user.avatar %>
    6: 
    7: <% if current_user.id == @user.id %>
    8:   <%= button_to 'Delete this Account', user_path(@user), method: :delete, data: { confirm: 'are u sure lol' } %>
    9: <% end %>
  
app/views/users/show.erb:7:in `_app_views_users_show_erb___2705337615928747376_70332405471120'
Started GET "/users/2" for 127.0.0.1 at 2018-10-02 14:35:48 -0400
Processing by UsersController#show as HTML
  Parameters: {"id"=>"2"}
  [1m[36mUser Load (0.2ms)[0m  [1m[34mSELECT  "users".* FROM "users" WHERE "users"."id" = ? LIMIT ?[0m  [["id", 2], ["LIMIT", 1]]
  ↳ app/controllers/application_controller.rb:7
  [1m[36mUser Load (0.3ms)[0m  [1m[34mSELECT  "users".* FROM "users" WHERE "users"."id" = ? LIMIT ?[0m  [["id", 2], ["LIMIT", 1]]
  ↳ app/controllers/users_controller.rb:5
  Rendering users/show.erb within layouts/application
  [1m[36mCACHE User Load (0.0ms)[0m  [1m[34mSELECT  "users".* FROM "users" WHERE "users"."id" = ? LIMIT ?[0m  [["id", 2], ["LIMIT", 1]]
  ↳ app/controllers/application_controller.rb:7
  Rendered users/show.erb within layouts/application (3.6ms)
Completed 200 OK in 131ms (Views: 103.4ms | ActiveRecord: 1.8ms)


Started GET "/users/3" for 127.0.0.1 at 2018-10-02 14:35:53 -0400
Processing by UsersController#show as HTML
  Parameters: {"id"=>"3"}
  [1m[36mUser Load (0.3ms)[0m  [1m[34mSELECT  "users".* FROM "users" WHERE "users"."id" = ? LIMIT ?[0m  [["id", 2], ["LIMIT", 1]]
  ↳ app/controllers/application_controller.rb:7
  [1m[36mUser Load (0.7ms)[0m  [1m[34mSELECT  "users".* FROM "users" WHERE "users"."id" = ? LIMIT ?[0m  [["id", 3], ["LIMIT", 1]]
  ↳ app/controllers/users_controller.rb:5
  Rendering users/show.erb within layouts/application
  [1m[36mCACHE User Load (0.0ms)[0m  [1m[34mSELECT  "users".* FROM "users" WHERE "users"."id" = ? LIMIT ?[0m  [["id", 2], ["LIMIT", 1]]
  ↳ app/controllers/application_controller.rb:7
  Rendered users/show.erb within layouts/application (9.4ms)
Completed 200 OK in 203ms (Views: 190.0ms | ActiveRecord: 1.1ms)


Started GET "/users/4" for 127.0.0.1 at 2018-10-02 14:35:57 -0400
Processing by UsersController#show as HTML
  Parameters: {"id"=>"4"}
  [1m[36mUser Load (0.2ms)[0m  [1m[34mSELECT  "users".* FROM "users" WHERE "users"."id" = ? LIMIT ?[0m  [["id", 2], ["LIMIT", 1]]
  ↳ app/controllers/application_controller.rb:7
  [1m[36mUser Load (0.1ms)[0m  [1m[34mSELECT  "users".* FROM "users" WHERE "users"."id" = ? LIMIT ?[0m  [["id", 4], ["LIMIT", 1]]
  ↳ app/controllers/users_controller.rb:5
  Rendering users/show.erb within layouts/application
  [1m[36mCACHE User Load (0.1ms)[0m  [1m[34mSELECT  "users".* FROM "users" WHERE "users"."id" = ? LIMIT ?[0m  [["id", 2], ["LIMIT", 1]]
  ↳ app/controllers/application_controller.rb:7
  Rendered users/show.erb within layouts/application (5.5ms)
Completed 200 OK in 56ms (Views: 48.6ms | ActiveRecord: 0.4ms)


Started GET "/users/4" for 127.0.0.1 at 2018-10-02 14:36:22 -0400
Processing by UsersController#show as HTML
  Parameters: {"id"=>"4"}
  [1m[36mUser Load (0.3ms)[0m  [1m[34mSELECT  "users".* FROM "users" WHERE "users"."id" IS NULL LIMIT ?[0m  [["LIMIT", 1]]
  ↳ app/controllers/application_controller.rb:7
Redirected to http://localhost:3000/login
Filter chain halted as :authorized rendered or redirected
Completed 302 Found in 3ms (ActiveRecord: 0.3ms)


Started GET "/login" for 127.0.0.1 at 2018-10-02 14:36:22 -0400
Processing by SessionsController#new as HTML
  Rendering sessions/new.html.erb within layouts/application
  Rendered sessions/new.html.erb within layouts/application (3.9ms)
Completed 200 OK in 62ms (Views: 60.9ms | ActiveRecord: 0.0ms)


Started POST "/login" for 127.0.0.1 at 2018-10-02 14:36:54 -0400
Processing by SessionsController#create as HTML
  Parameters: {"utf8"=>"✓", "authenticity_token"=>"IGe4X3etNKF2obK5Lr7gi7pXCw43zc0TvxziKGtDzFJ0960t7pWTMsgpU4UixPv7qlkc5tW/AWAtiigZYXSUVw==", "username"=>"adhjksf", "password"=>"[FILTERED]", "commit"=>"Login"}
  [1m[36mUser Load (0.4ms)[0m  [1m[34mSELECT  "users".* FROM "users" WHERE "users"."username" = ? LIMIT ?[0m  [["username", "adhjksf"], ["LIMIT", 1]]
  ↳ app/controllers/sessions_controller.rb:12
Completed 500 Internal Server Error in 12ms (ActiveRecord: 0.4ms)


  
NoMethodError (undefined method `authenticate' for nil:NilClass):
  
app/controllers/sessions_controller.rb:15:in `create'
Started GET "/login" for 127.0.0.1 at 2018-10-02 14:37:59 -0400
Processing by SessionsController#new as HTML
  Rendering sessions/new.html.erb within layouts/application
  Rendered sessions/new.html.erb within layouts/application (1.8ms)
Completed 200 OK in 78ms (Views: 76.4ms | ActiveRecord: 0.0ms)


Started POST "/login" for 127.0.0.1 at 2018-10-02 14:38:05 -0400
Processing by SessionsController#create as HTML
  Parameters: {"utf8"=>"✓", "authenticity_token"=>"rJ2ecHE22X6L469krO+vAjkt6/awrvLDChupDJruZ3v4DYsC6A5+7TVrTliglbRyKSP8HlLcPrCYjWM9kNk/fg==", "username"=>"zdkjgnoadsfgouyb", "password"=>"[FILTERED]", "commit"=>"Login"}
  [1m[36mUser Load (0.6ms)[0m  [1m[34mSELECT  "users".* FROM "users" WHERE "users"."username" = ? LIMIT ?[0m  [["username", "zdkjgnoadsfgouyb"], ["LIMIT", 1]]
  ↳ app/controllers/sessions_controller.rb:12
No template found for SessionsController#create, rendering head :no_content
Completed 204 No Content in 321ms (ActiveRecord: 2.2ms)


Started GET "/login" for 127.0.0.1 at 2018-10-02 14:41:21 -0400
Processing by SessionsController#new as HTML
  Rendering sessions/new.html.erb within layouts/application
  Rendered sessions/new.html.erb within layouts/application (1.2ms)
Completed 200 OK in 46ms (Views: 44.7ms | ActiveRecord: 0.0ms)


Started POST "/login" for 127.0.0.1 at 2018-10-02 14:41:28 -0400
Processing by SessionsController#create as HTML
  Parameters: {"utf8"=>"✓", "authenticity_token"=>"wQxs8SpJPTECW7if6yD+UaMI2heViQkWfe4NvyEwXzKVnHmDs3GaorzTWaPnWuUhswbN/3f7xWXveMeOKwcHNw==", "username"=>"ksadgjklasdfgjoiasdfgjladsgf", "password"=>"[FILTERED]", "commit"=>"Login"}
  [1m[36mUser Load (0.5ms)[0m  [1m[34mSELECT  "users".* FROM "users" WHERE "users"."username" = ? LIMIT ?[0m  [["username", "ksadgjklasdfgjoiasdfgjladsgf"], ["LIMIT", 1]]
  ↳ app/controllers/sessions_controller.rb:12
Redirected to http://localhost:3000/login
Completed 302 Found in 15ms (ActiveRecord: 1.0ms)


Started GET "/login" for 127.0.0.1 at 2018-10-02 14:41:28 -0400
Processing by SessionsController#new as HTML
  Rendering sessions/new.html.erb within layouts/application
  Rendered sessions/new.html.erb within layouts/application (3.7ms)
Completed 200 OK in 120ms (Views: 118.5ms | ActiveRecord: 0.0ms)


Started POST "/login" for 127.0.0.1 at 2018-10-02 14:41:36 -0400
Processing by SessionsController#create as HTML
  Parameters: {"utf8"=>"✓", "authenticity_token"=>"AilvfG8WlFg5xr3csudctu/WtivJj/NzrPf4jHN4OOlWuXoO9i4zy4dOXOC+nUfG/9ihwyv9PwA+YTK9eU9g7A==", "username"=>"michael", "password"=>"[FILTERED]", "commit"=>"Login"}
  [1m[36mUser Load (0.2ms)[0m  [1m[34mSELECT  "users".* FROM "users" WHERE "users"."username" = ? LIMIT ?[0m  [["username", "michael"], ["LIMIT", 1]]
  ↳ app/controllers/sessions_controller.rb:12
Redirected to http://localhost:3000/users/2
Completed 302 Found in 128ms (ActiveRecord: 1.8ms)


Started GET "/users/2" for 127.0.0.1 at 2018-10-02 14:41:36 -0400
Processing by UsersController#show as HTML
  Parameters: {"id"=>"2"}
  [1m[36mUser Load (0.2ms)[0m  [1m[34mSELECT  "users".* FROM "users" WHERE "users"."id" = ? LIMIT ?[0m  [["id", 2], ["LIMIT", 1]]
  ↳ app/controllers/application_controller.rb:7
  [1m[36mUser Load (0.2ms)[0m  [1m[34mSELECT  "users".* FROM "users" WHERE "users"."id" = ? LIMIT ?[0m  [["id", 2], ["LIMIT", 1]]
  ↳ app/controllers/users_controller.rb:5
  Rendering users/show.erb within layouts/application
  [1m[36mCACHE User Load (0.0ms)[0m  [1m[34mSELECT  "users".* FROM "users" WHERE "users"."id" = ? LIMIT ?[0m  [["id", 2], ["LIMIT", 1]]
  ↳ app/controllers/application_controller.rb:7
  Rendered users/show.erb within layouts/application (2.6ms)
Completed 200 OK in 55ms (Views: 44.5ms | ActiveRecord: 0.5ms)


Started GET "/login" for 127.0.0.1 at 2018-10-02 14:41:58 -0400
Processing by SessionsController#new as HTML
  Rendering sessions/new.html.erb within layouts/application
  Rendered sessions/new.html.erb within layouts/application (2.6ms)
Completed 200 OK in 135ms (Views: 133.7ms | ActiveRecord: 0.0ms)


Started GET "/login" for 127.0.0.1 at 2018-10-02 14:42:20 -0400
Processing by SessionsController#new as HTML
  Rendering sessions/new.html.erb within layouts/application
  Rendered sessions/new.html.erb within layouts/application (7.2ms)
Completed 200 OK in 64ms (Views: 62.4ms | ActiveRecord: 0.0ms)


Started POST "/login" for 127.0.0.1 at 2018-10-02 14:44:38 -0400
Processing by SessionsController#create as HTML
  Parameters: {"utf8"=>"✓", "authenticity_token"=>"vnaybUo/fl81UeqQi25+MpsoUm9YowG3ebVcBoxZnabq5qcf0wfZzIvZC6yHFGVCiyZFh7rRzcTrI5Y3hm7Fow==", "username"=>"michael", "password"=>"[FILTERED]", "commit"=>"Login"}
  [1m[36mUser Load (0.3ms)[0m  [1m[34mSELECT  "users".* FROM "users" WHERE "users"."username" = ? LIMIT ?[0m  [["username", "michael"], ["LIMIT", 1]]
  ↳ app/controllers/sessions_controller.rb:12
Redirected to http://localhost:3000/users/2
Completed 302 Found in 184ms (ActiveRecord: 2.5ms)


Started GET "/users/2" for 127.0.0.1 at 2018-10-02 14:44:39 -0400
Processing by UsersController#show as HTML
  Parameters: {"id"=>"2"}
  [1m[36mUser Load (0.2ms)[0m  [1m[34mSELECT  "users".* FROM "users" WHERE "users"."id" = ? LIMIT ?[0m  [["id", 2], ["LIMIT", 1]]
  ↳ app/controllers/application_controller.rb:7
  [1m[36mUser Load (0.1ms)[0m  [1m[34mSELECT  "users".* FROM "users" WHERE "users"."id" = ? LIMIT ?[0m  [["id", 2], ["LIMIT", 1]]
  ↳ app/controllers/users_controller.rb:5
  Rendering users/show.erb within layouts/application
  Rendered users/show.erb within layouts/application (404.3ms)
Completed 500 Internal Server Error in 424ms (ActiveRecord: 0.3ms)


  
ActionView::Template::Error (undefined local variable or method `logout_path' for #<#<Class:0x007fef143a53a8>:0x007fef15293298>):
    1: <h1> USER SHOW PAAAAAAAAAAAAAAAAAAAAGE</h1>
    2: 
    3: <%= button_to 'Logout', logout_path, method: :delete %>
    4: 
    5: <p><%= @user.username %></p>
    6: 
  
app/views/users/show.erb:3:in `_app_views_users_show_erb___2705337615928747376_70332406612540'
Started GET "/users/2" for 127.0.0.1 at 2018-10-02 14:45:15 -0400
Processing by UsersController#show as HTML
  Parameters: {"id"=>"2"}
  [1m[36mUser Load (0.2ms)[0m  [1m[34mSELECT  "users".* FROM "users" WHERE "users"."id" = ? LIMIT ?[0m  [["id", 2], ["LIMIT", 1]]
  ↳ app/controllers/application_controller.rb:7
  [1m[36mUser Load (0.2ms)[0m  [1m[34mSELECT  "users".* FROM "users" WHERE "users"."id" = ? LIMIT ?[0m  [["id", 2], ["LIMIT", 1]]
  ↳ app/controllers/users_controller.rb:5
  Rendering users/show.erb within layouts/application
  [1m[36mCACHE User Load (0.0ms)[0m  [1m[34mSELECT  "users".* FROM "users" WHERE "users"."id" = ? LIMIT ?[0m  [["id", 2], ["LIMIT", 1]]
  ↳ app/controllers/application_controller.rb:7
  Rendered users/show.erb within layouts/application (4.3ms)
Completed 200 OK in 200ms (Views: 94.4ms | ActiveRecord: 1.5ms)


Started DELETE "/logout" for 127.0.0.1 at 2018-10-02 14:45:20 -0400
Processing by SessionsController#destroy as HTML
  Parameters: {"authenticity_token"=>"kjNxrQVN3MrLDqY+8Sjxpc09TUz9ApwTroIco77MjcvGo2TfnHV7WXWGRwL9UurV3TNapB9wUGA8FNaStPvVzg=="}
  [1m[36mUser Load (0.2ms)[0m  [1m[34mSELECT  "users".* FROM "users" WHERE "users"."id" = ? LIMIT ?[0m  [["id", 2], ["LIMIT", 1]]
  ↳ app/controllers/application_controller.rb:7
Redirected to http://localhost:3000/login
Completed 302 Found in 6ms (ActiveRecord: 0.2ms)


Started GET "/login" for 127.0.0.1 at 2018-10-02 14:45:20 -0400
Processing by SessionsController#new as HTML
  Rendering sessions/new.html.erb within layouts/application
  Rendered sessions/new.html.erb within layouts/application (5.3ms)
Completed 200 OK in 78ms (Views: 75.9ms | ActiveRecord: 0.0ms)


